d:\c++_learning\ffplayer\src\ffmediaplayer_64\ffmediaplayer_64\x64\debug\moc_ffmediaplayer_64.obj
d:\c++_learning\ffplayer\src\ffmediaplayer_64\ffmediaplayer_64\x64\debug\qrc_ffmediaplayer_64.obj
d:\c++_learning\ffplayer\src\ffmediaplayer_64\ffmediaplayer_64\x64\debug\vc143.pdb
d:\c++_learning\ffplayer\src\ffmediaplayer_64\ffmediaplayer_64\x64\debug\ffmediaplayer_64.obj
d:\c++_learning\ffplayer\src\ffmediaplayer_64\ffmediaplayer_64\x64\debug\main.obj
d:\c++_learning\ffplayer\src\ffmediaplayer_64\ffmediaplayer_64\x64\debug\media.obj
d:\c++_learning\ffplayer\src\ffmediaplayer_64\ffmediaplayer_64\x64\debug\uic\ui_ffmediaplayer_64.h
d:\c++_learning\ffplayer\src\ffmediaplayer_64\ffmediaplayer_64\x64\debug\rcc\qrc_ffmediaplayer_64.cpp
d:\c++_learning\ffplayer\src\ffmediaplayer_64\ffmediaplayer_64\x64\debug\moc\moc_ffmediaplayer_64.cpp
d:\c++_learning\ffplayer\bin\win64\ffmediaplayer_64.exe
d:\c++_learning\ffplayer\bin\win64\ffmediaplayer_64.pdb
d:\c++_learning\ffplayer\bin\win64\ffmediaplayer_64.ilk
d:\c++_learning\ffplayer\src\ffmediaplayer_64\ffmediaplayer_64\x64\debug\ffmediaplayer_64.tlog\cl.command.1.tlog
d:\c++_learning\ffplayer\src\ffmediaplayer_64\ffmediaplayer_64\x64\debug\ffmediaplayer_64.tlog\cl.items.tlog
d:\c++_learning\ffplayer\src\ffmediaplayer_64\ffmediaplayer_64\x64\debug\ffmediaplayer_64.tlog\cl.read.1.tlog
d:\c++_learning\ffplayer\src\ffmediaplayer_64\ffmediaplayer_64\x64\debug\ffmediaplayer_64.tlog\cl.write.1.tlog
d:\c++_learning\ffplayer\src\ffmediaplayer_64\ffmediaplayer_64\x64\debug\ffmediaplayer_64.tlog\ffmediaplayer_64.write.1u.tlog
d:\c++_learning\ffplayer\src\ffmediaplayer_64\ffmediaplayer_64\x64\debug\ffmediaplayer_64.tlog\link-cvtres.read.1.tlog
d:\c++_learning\ffplayer\src\ffmediaplayer_64\ffmediaplayer_64\x64\debug\ffmediaplayer_64.tlog\link-cvtres.write.1.tlog
d:\c++_learning\ffplayer\src\ffmediaplayer_64\ffmediaplayer_64\x64\debug\ffmediaplayer_64.tlog\link-rc.read.1.tlog
d:\c++_learning\ffplayer\src\ffmediaplayer_64\ffmediaplayer_64\x64\debug\ffmediaplayer_64.tlog\link-rc.write.1.tlog
d:\c++_learning\ffplayer\src\ffmediaplayer_64\ffmediaplayer_64\x64\debug\ffmediaplayer_64.tlog\link.186404-cvtres.read.1.tlog
d:\c++_learning\ffplayer\src\ffmediaplayer_64\ffmediaplayer_64\x64\debug\ffmediaplayer_64.tlog\link.186404-cvtres.write.1.tlog
d:\c++_learning\ffplayer\src\ffmediaplayer_64\ffmediaplayer_64\x64\debug\ffmediaplayer_64.tlog\link.186404-rc.read.1.tlog
d:\c++_learning\ffplayer\src\ffmediaplayer_64\ffmediaplayer_64\x64\debug\ffmediaplayer_64.tlog\link.186404-rc.write.1.tlog
d:\c++_learning\ffplayer\src\ffmediaplayer_64\ffmediaplayer_64\x64\debug\ffmediaplayer_64.tlog\link.186404.read.1.tlog
d:\c++_learning\ffplayer\src\ffmediaplayer_64\ffmediaplayer_64\x64\debug\ffmediaplayer_64.tlog\link.186404.read.2.tlog
d:\c++_learning\ffplayer\src\ffmediaplayer_64\ffmediaplayer_64\x64\debug\ffmediaplayer_64.tlog\link.186404.read.3.tlog
d:\c++_learning\ffplayer\src\ffmediaplayer_64\ffmediaplayer_64\x64\debug\ffmediaplayer_64.tlog\link.186404.read.4.tlog
d:\c++_learning\ffplayer\src\ffmediaplayer_64\ffmediaplayer_64\x64\debug\ffmediaplayer_64.tlog\link.186404.write.1.tlog
d:\c++_learning\ffplayer\src\ffmediaplayer_64\ffmediaplayer_64\x64\debug\ffmediaplayer_64.tlog\link.command.1.tlog
d:\c++_learning\ffplayer\src\ffmediaplayer_64\ffmediaplayer_64\x64\debug\ffmediaplayer_64.tlog\link.read.1.tlog
d:\c++_learning\ffplayer\src\ffmediaplayer_64\ffmediaplayer_64\x64\debug\ffmediaplayer_64.tlog\link.read.2.tlog
d:\c++_learning\ffplayer\src\ffmediaplayer_64\ffmediaplayer_64\x64\debug\ffmediaplayer_64.tlog\link.read.3.tlog
d:\c++_learning\ffplayer\src\ffmediaplayer_64\ffmediaplayer_64\x64\debug\ffmediaplayer_64.tlog\link.read.4.tlog
d:\c++_learning\ffplayer\src\ffmediaplayer_64\ffmediaplayer_64\x64\debug\ffmediaplayer_64.tlog\link.secondary.1.tlog
d:\c++_learning\ffplayer\src\ffmediaplayer_64\ffmediaplayer_64\x64\debug\ffmediaplayer_64.tlog\link.write.1.tlog
d:\c++_learning\ffplayer\src\ffmediaplayer_64\ffmediaplayer_64\x64\debug\ffmediaplayer_64.tlog\moc.read.1u.tlog
d:\c++_learning\ffplayer\src\ffmediaplayer_64\ffmediaplayer_64\x64\debug\ffmediaplayer_64.tlog\moc.write.1u.tlog
d:\c++_learning\ffplayer\src\ffmediaplayer_64\ffmediaplayer_64\x64\debug\ffmediaplayer_64.tlog\rcc.read.1u.tlog
d:\c++_learning\ffplayer\src\ffmediaplayer_64\ffmediaplayer_64\x64\debug\ffmediaplayer_64.tlog\rcc.write.1u.tlog
d:\c++_learning\ffplayer\src\ffmediaplayer_64\ffmediaplayer_64\x64\debug\ffmediaplayer_64.tlog\uic.read.1u.tlog
d:\c++_learning\ffplayer\src\ffmediaplayer_64\ffmediaplayer_64\x64\debug\ffmediaplayer_64.tlog\uic.write.1u.tlog
