  Media.cpp
D:\c++_learning\ffplayer\src\FFMediaPlayer_64\Media.cpp(1,1): warning C4828: 文件包含在偏移 0xb0 处开始的字符，该字符在当前源字符集中无效(代码页 65001)。
D:\c++_learning\ffplayer\src\FFMediaPlayer_64\Media.cpp(1,1): warning C4828: 文件包含在偏移 0xb1 处开始的字符，该字符在当前源字符集中无效(代码页 65001)。
D:\c++_learning\ffplayer\src\FFMediaPlayer_64\Media.cpp(1,1): warning C4828: 文件包含在偏移 0xb5 处开始的字符，该字符在当前源字符集中无效(代码页 65001)。
D:\c++_learning\ffplayer\src\FFMediaPlayer_64\Media.cpp(1,1): warning C4828: 文件包含在偏移 0x10a 处开始的字符，该字符在当前源字符集中无效(代码页 65001)。
D:\c++_learning\ffplayer\src\FFMediaPlayer_64\Media.cpp(1,1): warning C4828: 文件包含在偏移 0x10c 处开始的字符，该字符在当前源字符集中无效(代码页 65001)。
D:\c++_learning\ffplayer\src\FFMediaPlayer_64\Media.cpp(1,1): warning C4828: 文件包含在偏移 0x10d 处开始的字符，该字符在当前源字符集中无效(代码页 65001)。
D:\c++_learning\ffplayer\src\FFMediaPlayer_64\Media.cpp(1,1): warning C4828: 文件包含在偏移 0x10e 处开始的字符，该字符在当前源字符集中无效(代码页 65001)。
D:\c++_learning\ffplayer\src\FFMediaPlayer_64\Media.cpp(1,1): warning C4828: 文件包含在偏移 0x10f 处开始的字符，该字符在当前源字符集中无效(代码页 65001)。
D:\c++_learning\ffplayer\src\FFMediaPlayer_64\Media.cpp(1,1): warning C4828: 文件包含在偏移 0x112 处开始的字符，该字符在当前源字符集中无效(代码页 65001)。
D:\c++_learning\ffplayer\src\FFMediaPlayer_64\Media.cpp(1,1): warning C4828: 文件包含在偏移 0x114 处开始的字符，该字符在当前源字符集中无效(代码页 65001)。
D:\c++_learning\ffplayer\src\FFMediaPlayer_64\Media.cpp(1,1): warning C4828: 文件包含在偏移 0x117 处开始的字符，该字符在当前源字符集中无效(代码页 65001)。
D:\c++_learning\ffplayer\src\FFMediaPlayer_64\Media.cpp(1,1): warning C4828: 文件包含在偏移 0x119 处开始的字符，该字符在当前源字符集中无效(代码页 65001)。
D:\c++_learning\ffplayer\src\FFMediaPlayer_64\Media.cpp(1,1): warning C4828: 文件包含在偏移 0x11b 处开始的字符，该字符在当前源字符集中无效(代码页 65001)。
D:\c++_learning\ffplayer\src\FFMediaPlayer_64\Media.cpp(1,1): warning C4828: 文件包含在偏移 0x11c 处开始的字符，该字符在当前源字符集中无效(代码页 65001)。
D:\c++_learning\ffplayer\src\FFMediaPlayer_64\Media.cpp(1,1): warning C4828: 文件包含在偏移 0x11e 处开始的字符，该字符在当前源字符集中无效(代码页 65001)。
D:\c++_learning\ffplayer\src\FFMediaPlayer_64\Media.cpp(1,1): warning C4828: 文件包含在偏移 0x11f 处开始的字符，该字符在当前源字符集中无效(代码页 65001)。
D:\c++_learning\ffplayer\src\FFMediaPlayer_64\Media.cpp(1,1): warning C4828: 文件包含在偏移 0x1a3 处开始的字符，该字符在当前源字符集中无效(代码页 65001)。
D:\c++_learning\ffplayer\src\FFMediaPlayer_64\Media.cpp(1,1): warning C4828: 文件包含在偏移 0x1a4 处开始的字符，该字符在当前源字符集中无效(代码页 65001)。
D:\c++_learning\ffplayer\src\FFMediaPlayer_64\Media.cpp(1,1): warning C4828: 文件包含在偏移 0x1a6 处开始的字符，该字符在当前源字符集中无效(代码页 65001)。
D:\c++_learning\ffplayer\src\FFMediaPlayer_64\Media.cpp(1,1): warning C4828: 文件包含在偏移 0x1a9 处开始的字符，该字符在当前源字符集中无效(代码页 65001)。
D:\c++_learning\ffplayer\src\FFMediaPlayer_64\Media.cpp(1,1): warning C4828: 文件包含在偏移 0x1ab 处开始的字符，该字符在当前源字符集中无效(代码页 65001)。
D:\c++_learning\ffplayer\src\FFMediaPlayer_64\Media.cpp(1,1): warning C4828: 文件包含在偏移 0x1ac 处开始的字符，该字符在当前源字符集中无效(代码页 65001)。
D:\c++_learning\ffplayer\src\FFMediaPlayer_64\Media.cpp(1,1): warning C4828: 文件包含在偏移 0x24f 处开始的字符，该字符在当前源字符集中无效(代码页 65001)。
D:\c++_learning\ffplayer\src\FFMediaPlayer_64\Media.cpp(1,1): warning C4828: 文件包含在偏移 0x250 处开始的字符，该字符在当前源字符集中无效(代码页 65001)。
D:\c++_learning\ffplayer\src\FFMediaPlayer_64\Media.cpp(1,1): warning C4828: 文件包含在偏移 0x254 处开始的字符，该字符在当前源字符集中无效(代码页 65001)。
D:\c++_learning\ffplayer\src\FFMediaPlayer_64\Media.cpp(1,1): warning C4828: 文件包含在偏移 0x257 处开始的字符，该字符在当前源字符集中无效(代码页 65001)。
D:\c++_learning\ffplayer\src\FFMediaPlayer_64\Media.cpp(1,1): warning C4828: 文件包含在偏移 0x258 处开始的字符，该字符在当前源字符集中无效(代码页 65001)。
D:\c++_learning\ffplayer\src\FFMediaPlayer_64\Media.cpp(1,1): warning C4828: 文件包含在偏移 0x3ed 处开始的字符，该字符在当前源字符集中无效(代码页 65001)。
D:\c++_learning\ffplayer\src\FFMediaPlayer_64\Media.cpp(1,1): warning C4828: 文件包含在偏移 0x3ee 处开始的字符，该字符在当前源字符集中无效(代码页 65001)。
D:\c++_learning\ffplayer\src\FFMediaPlayer_64\Media.cpp(1,1): warning C4828: 文件包含在偏移 0x3f2 处开始的字符，该字符在当前源字符集中无效(代码页 65001)。
D:\c++_learning\ffplayer\src\FFMediaPlayer_64\Media.cpp(1,1): warning C4828: 文件包含在偏移 0x3f3 处开始的字符，该字符在当前源字符集中无效(代码页 65001)。
D:\c++_learning\ffplayer\src\FFMediaPlayer_64\Media.cpp(1,1): warning C4828: 文件包含在偏移 0x3f8 处开始的字符，该字符在当前源字符集中无效(代码页 65001)。
D:\c++_learning\ffplayer\src\FFMediaPlayer_64\Media.cpp(1,1): warning C4828: 文件包含在偏移 0x3fb 处开始的字符，该字符在当前源字符集中无效(代码页 65001)。
D:\c++_learning\ffplayer\src\FFMediaPlayer_64\Media.cpp(1,1): warning C4828: 文件包含在偏移 0x5b6 处开始的字符，该字符在当前源字符集中无效(代码页 65001)。
D:\c++_learning\ffplayer\src\FFMediaPlayer_64\Media.cpp(1,1): warning C4828: 文件包含在偏移 0x5b7 处开始的字符，该字符在当前源字符集中无效(代码页 65001)。
D:\c++_learning\ffplayer\src\FFMediaPlayer_64\Media.cpp(1,1): warning C4828: 文件包含在偏移 0x5b8 处开始的字符，该字符在当前源字符集中无效(代码页 65001)。
D:\c++_learning\ffplayer\src\FFMediaPlayer_64\Media.cpp(1,1): warning C4828: 文件包含在偏移 0x5b9 处开始的字符，该字符在当前源字符集中无效(代码页 65001)。
D:\c++_learning\ffplayer\src\FFMediaPlayer_64\Media.cpp(1,1): warning C4828: 文件包含在偏移 0x5bd 处开始的字符，该字符在当前源字符集中无效(代码页 65001)。
D:\c++_learning\ffplayer\src\FFMediaPlayer_64\Media.cpp(1,1): warning C4828: 文件包含在偏移 0x5be 处开始的字符，该字符在当前源字符集中无效(代码页 65001)。
D:\c++_learning\ffplayer\src\FFMediaPlayer_64\Media.cpp(1,1): warning C4828: 文件包含在偏移 0x5bf 处开始的字符，该字符在当前源字符集中无效(代码页 65001)。
D:\c++_learning\ffplayer\src\FFMediaPlayer_64\Media.cpp(1,1): warning C4828: 文件包含在偏移 0x5c2 处开始的字符，该字符在当前源字符集中无效(代码页 65001)。
D:\c++_learning\ffplayer\src\FFMediaPlayer_64\Media.cpp(1,1): warning C4828: 文件包含在偏移 0x5c4 处开始的字符，该字符在当前源字符集中无效(代码页 65001)。
D:\c++_learning\ffplayer\src\FFMediaPlayer_64\Media.cpp(1,1): warning C4828: 文件包含在偏移 0x5c6 处开始的字符，该字符在当前源字符集中无效(代码页 65001)。
D:\c++_learning\ffplayer\src\FFMediaPlayer_64\Media.cpp(1,1): warning C4828: 文件包含在偏移 0x5c7 处开始的字符，该字符在当前源字符集中无效(代码页 65001)。
D:\c++_learning\ffplayer\src\FFMediaPlayer_64\Media.cpp(1,1): warning C4828: 文件包含在偏移 0x680 处开始的字符，该字符在当前源字符集中无效(代码页 65001)。
D:\c++_learning\ffplayer\src\FFMediaPlayer_64\Media.cpp(1,1): warning C4828: 文件包含在偏移 0x681 处开始的字符，该字符在当前源字符集中无效(代码页 65001)。
D:\c++_learning\ffplayer\src\FFMediaPlayer_64\Media.cpp(1,1): warning C4828: 文件包含在偏移 0x682 处开始的字符，该字符在当前源字符集中无效(代码页 65001)。
D:\c++_learning\ffplayer\src\FFMediaPlayer_64\Media.cpp(1,1): warning C4828: 文件包含在偏移 0x684 处开始的字符，该字符在当前源字符集中无效(代码页 65001)。
D:\c++_learning\ffplayer\src\FFMediaPlayer_64\Media.cpp(1,1): warning C4828: 文件包含在偏移 0x685 处开始的字符，该字符在当前源字符集中无效(代码页 65001)。
D:\c++_learning\ffplayer\src\FFMediaPlayer_64\Media.cpp(1,1): warning C4828: 文件包含在偏移 0x686 处开始的字符，该字符在当前源字符集中无效(代码页 65001)。
D:\c++_learning\ffplayer\src\FFMediaPlayer_64\Media.cpp(1,1): warning C4828: 文件包含在偏移 0x689 处开始的字符，该字符在当前源字符集中无效(代码页 65001)。
D:\c++_learning\ffplayer\src\FFMediaPlayer_64\Media.cpp(1,1): warning C4828: 文件包含在偏移 0x68a 处开始的字符，该字符在当前源字符集中无效(代码页 65001)。
D:\c++_learning\ffplayer\src\FFMediaPlayer_64\Media.cpp(1,1): warning C4828: 文件包含在偏移 0x68b 处开始的字符，该字符在当前源字符集中无效(代码页 65001)。
D:\c++_learning\ffplayer\src\FFMediaPlayer_64\Media.cpp(1,1): warning C4828: 文件包含在偏移 0x68c 处开始的字符，该字符在当前源字符集中无效(代码页 65001)。
D:\c++_learning\ffplayer\src\FFMediaPlayer_64\Media.cpp(1,1): warning C4828: 文件包含在偏移 0x68f 处开始的字符，该字符在当前源字符集中无效(代码页 65001)。
D:\c++_learning\ffplayer\src\FFMediaPlayer_64\Media.cpp(1,1): warning C4828: 文件包含在偏移 0x690 处开始的字符，该字符在当前源字符集中无效(代码页 65001)。
D:\c++_learning\ffplayer\src\FFMediaPlayer_64\Media.cpp(1,1): warning C4828: 文件包含在偏移 0x6ce 处开始的字符，该字符在当前源字符集中无效(代码页 65001)。
D:\c++_learning\ffplayer\src\FFMediaPlayer_64\Media.cpp(1,1): warning C4828: 文件包含在偏移 0x6cf 处开始的字符，该字符在当前源字符集中无效(代码页 65001)。
D:\c++_learning\ffplayer\src\FFMediaPlayer_64\Media.cpp(1,1): warning C4828: 文件包含在偏移 0x6d0 处开始的字符，该字符在当前源字符集中无效(代码页 65001)。
D:\c++_learning\ffplayer\src\FFMediaPlayer_64\Media.cpp(1,1): warning C4828: 文件包含在偏移 0x6d2 处开始的字符，该字符在当前源字符集中无效(代码页 65001)。
D:\c++_learning\ffplayer\src\FFMediaPlayer_64\Media.cpp(1,1): warning C4828: 文件包含在偏移 0x6d5 处开始的字符，该字符在当前源字符集中无效(代码页 65001)。
D:\c++_learning\ffplayer\src\FFMediaPlayer_64\Media.cpp(1,1): warning C4828: 文件包含在偏移 0x6d6 处开始的字符，该字符在当前源字符集中无效(代码页 65001)。
D:\c++_learning\ffplayer\src\FFMediaPlayer_64\Media.cpp(1,1): warning C4828: 文件包含在偏移 0x6d8 处开始的字符，该字符在当前源字符集中无效(代码页 65001)。
D:\c++_learning\ffplayer\src\FFMediaPlayer_64\Media.cpp(1,1): warning C4828: 文件包含在偏移 0x6d9 处开始的字符，该字符在当前源字符集中无效(代码页 65001)。
D:\c++_learning\ffplayer\src\FFMediaPlayer_64\Media.cpp(1,1): warning C4828: 文件包含在偏移 0x6da 处开始的字符，该字符在当前源字符集中无效(代码页 65001)。
D:\c++_learning\ffplayer\src\FFMediaPlayer_64\Media.cpp(1,1): warning C4828: 文件包含在偏移 0x6db 处开始的字符，该字符在当前源字符集中无效(代码页 65001)。
D:\c++_learning\ffplayer\src\FFMediaPlayer_64\Media.cpp(1,1): warning C4828: 文件包含在偏移 0x6dc 处开始的字符，该字符在当前源字符集中无效(代码页 65001)。
D:\c++_learning\ffplayer\src\FFMediaPlayer_64\Media.cpp(1,1): warning C4828: 文件包含在偏移 0x6de 处开始的字符，该字符在当前源字符集中无效(代码页 65001)。
D:\c++_learning\ffplayer\src\FFMediaPlayer_64\Media.cpp(1,1): warning C4828: 文件包含在偏移 0x6df 处开始的字符，该字符在当前源字符集中无效(代码页 65001)。
D:\c++_learning\ffplayer\src\FFMediaPlayer_64\Media.cpp(1,1): warning C4828: 文件包含在偏移 0xb58 处开始的字符，该字符在当前源字符集中无效(代码页 65001)。
D:\c++_learning\ffplayer\src\FFMediaPlayer_64\Media.cpp(1,1): warning C4828: 文件包含在偏移 0xb59 处开始的字符，该字符在当前源字符集中无效(代码页 65001)。
D:\c++_learning\ffplayer\src\FFMediaPlayer_64\Media.cpp(1,1): warning C4828: 文件包含在偏移 0xb5a 处开始的字符，该字符在当前源字符集中无效(代码页 65001)。
D:\c++_learning\ffplayer\src\FFMediaPlayer_64\Media.cpp(1,1): warning C4828: 文件包含在偏移 0xb5b 处开始的字符，该字符在当前源字符集中无效(代码页 65001)。
D:\c++_learning\ffplayer\src\FFMediaPlayer_64\Media.cpp(1,1): warning C4828: 文件包含在偏移 0xb5f 处开始的字符，该字符在当前源字符集中无效(代码页 65001)。
D:\c++_learning\ffplayer\src\FFMediaPlayer_64\Media.cpp(1,1): warning C4828: 文件包含在偏移 0xb60 处开始的字符，该字符在当前源字符集中无效(代码页 65001)。
D:\c++_learning\ffplayer\src\FFMediaPlayer_64\Media.cpp(1,1): warning C4828: 文件包含在偏移 0xb62 处开始的字符，该字符在当前源字符集中无效(代码页 65001)。
D:\c++_learning\ffplayer\src\FFMediaPlayer_64\Media.cpp(1,1): warning C4828: 文件包含在偏移 0xb63 处开始的字符，该字符在当前源字符集中无效(代码页 65001)。
D:\c++_learning\ffplayer\src\FFMediaPlayer_64\Media.cpp(1,1): warning C4828: 文件包含在偏移 0xd27 处开始的字符，该字符在当前源字符集中无效(代码页 65001)。
D:\c++_learning\ffplayer\src\FFMediaPlayer_64\Media.cpp(1,1): warning C4828: 文件包含在偏移 0xd28 处开始的字符，该字符在当前源字符集中无效(代码页 65001)。
D:\c++_learning\ffplayer\src\FFMediaPlayer_64\Media.cpp(1,1): warning C4828: 文件包含在偏移 0xd29 处开始的字符，该字符在当前源字符集中无效(代码页 65001)。
D:\c++_learning\ffplayer\src\FFMediaPlayer_64\Media.cpp(1,1): warning C4828: 文件包含在偏移 0xd2a 处开始的字符，该字符在当前源字符集中无效(代码页 65001)。
D:\c++_learning\ffplayer\src\FFMediaPlayer_64\Media.cpp(1,1): warning C4828: 文件包含在偏移 0xd2e 处开始的字符，该字符在当前源字符集中无效(代码页 65001)。
D:\c++_learning\ffplayer\src\FFMediaPlayer_64\Media.cpp(1,1): warning C4828: 文件包含在偏移 0xd2f 处开始的字符，该字符在当前源字符集中无效(代码页 65001)。
D:\c++_learning\ffplayer\src\FFMediaPlayer_64\Media.cpp(1,1): warning C4828: 文件包含在偏移 0xd31 处开始的字符，该字符在当前源字符集中无效(代码页 65001)。
D:\c++_learning\ffplayer\src\FFMediaPlayer_64\Media.cpp(1,1): warning C4828: 文件包含在偏移 0xd32 处开始的字符，该字符在当前源字符集中无效(代码页 65001)。
D:\c++_learning\ffplayer\src\FFMediaPlayer_64\Media.cpp(1,1): warning C4828: 文件包含在偏移 0xee2 处开始的字符，该字符在当前源字符集中无效(代码页 65001)。
D:\c++_learning\ffplayer\src\FFMediaPlayer_64\Media.cpp(1,1): warning C4828: 文件包含在偏移 0xee3 处开始的字符，该字符在当前源字符集中无效(代码页 65001)。
D:\c++_learning\ffplayer\src\FFMediaPlayer_64\Media.cpp(1,1): warning C4828: 文件包含在偏移 0xee4 处开始的字符，该字符在当前源字符集中无效(代码页 65001)。
D:\c++_learning\ffplayer\src\FFMediaPlayer_64\Media.cpp(1,1): warning C4828: 文件包含在偏移 0xee5 处开始的字符，该字符在当前源字符集中无效(代码页 65001)。
D:\c++_learning\ffplayer\src\FFMediaPlayer_64\Media.cpp(1,1): warning C4828: 文件包含在偏移 0xee9 处开始的字符，该字符在当前源字符集中无效(代码页 65001)。
D:\c++_learning\ffplayer\src\FFMediaPlayer_64\Media.cpp(1,1): warning C4828: 文件包含在偏移 0xeea 处开始的字符，该字符在当前源字符集中无效(代码页 65001)。
D:\c++_learning\ffplayer\src\FFMediaPlayer_64\Media.cpp(1,1): warning C4828: 文件包含在偏移 0xeec 处开始的字符，该字符在当前源字符集中无效(代码页 65001)。
D:\c++_learning\ffplayer\src\FFMediaPlayer_64\Media.cpp(1,1): warning C4828: 文件包含在偏移 0xeed 处开始的字符，该字符在当前源字符集中无效(代码页 65001)。
D:\c++_learning\ffplayer\src\FFMediaPlayer_64\Media.cpp(1,1): warning C4828: 文件包含在偏移 0x1090 处开始的字符，该字符在当前源字符集中无效(代码页 65001)。
D:\c++_learning\ffplayer\src\FFMediaPlayer_64\Media.cpp(1,1): warning C4828: 文件包含在偏移 0x1091 处开始的字符，该字符在当前源字符集中无效(代码页 65001)。
D:\c++_learning\ffplayer\src\FFMediaPlayer_64\Media.cpp(1,1): warning C4828: 文件包含在偏移 0x1095 处开始的字符，该字符在当前源字符集中无效(代码页 65001)。
D:\c++_learning\ffplayer\src\FFMediaPlayer_64\Media.cpp(1,1): warning C4828: 文件包含在偏移 0x109c 处开始的字符，该字符在当前源字符集中无效(代码页 65001)。
D:\c++_learning\ffplayer\src\FFMediaPlayer_64\Media.cpp(1,1): warning C4828: 文件包含在偏移 0x109d 处开始的字符，该字符在当前源字符集中无效(代码页 65001)。
D:\c++_learning\ffplayer\src\FFMediaPlayer_64\Media.cpp(1,1): warning C4828: 文件包含在偏移 0x10a2 处开始的字符，该字符在当前源字符集中无效(代码页 65001)。
D:\c++_learning\ffplayer\src\FFMediaPlayer_64\Media.cpp(1,1): warning C4828: 文件包含在偏移 0x13ac 处开始的字符，该字符在当前源字符集中无效(代码页 65001)。
D:\c++_learning\ffplayer\src\FFMediaPlayer_64\Media.cpp(1,1): warning C4828: 文件包含在偏移 0x13ad 处开始的字符，该字符在当前源字符集中无效(代码页 65001)。
D:\c++_learning\ffplayer\src\FFMediaPlayer_64\Media.cpp(1,1): warning C4828: 文件包含在偏移 0x13b1 处开始的字符，该字符在当前源字符集中无效(代码页 65001)。
D:\c++_learning\ffplayer\src\FFMediaPlayer_64\Media.cpp(1,1): warning C4828: 文件包含在偏移 0x13b8 处开始的字符，该字符在当前源字符集中无效(代码页 65001)。
D:\c++_learning\ffplayer\src\FFMediaPlayer_64\Media.cpp(1,1): warning C4828: 文件包含在偏移 0x13b9 处开始的字符，该字符在当前源字符集中无效(代码页 65001)。
D:\c++_learning\ffplayer\src\FFMediaPlayer_64\Media.cpp(1,1): warning C4828: 文件包含在偏移 0x13bc 处开始的字符，该字符在当前源字符集中无效(代码页 65001)。
D:\c++_learning\ffplayer\src\FFMediaPlayer_64\Media.cpp(1,1): warning C4828: 文件包含在偏移 0x1450 处开始的字符，该字符在当前源字符集中无效(代码页 65001)。
D:\c++_learning\ffplayer\src\FFMediaPlayer_64\Media.cpp(1,1): warning C4828: 文件包含在偏移 0x1454 处开始的字符，该字符在当前源字符集中无效(代码页 65001)。
D:\c++_learning\ffplayer\src\FFMediaPlayer_64\Media.cpp(1,1): warning C4828: 文件包含在偏移 0x1455 处开始的字符，该字符在当前源字符集中无效(代码页 65001)。
D:\c++_learning\ffplayer\src\FFMediaPlayer_64\Media.cpp(1,1): warning C4828: 文件包含在偏移 0x1458 处开始的字符，该字符在当前源字符集中无效(代码页 65001)。
D:\c++_learning\ffplayer\src\FFMediaPlayer_64\Media.cpp(1,1): warning C4828: 文件包含在偏移 0x1614 处开始的字符，该字符在当前源字符集中无效(代码页 65001)。
D:\c++_learning\ffplayer\src\FFMediaPlayer_64\Media.cpp(1,1): warning C4828: 文件包含在偏移 0x1618 处开始的字符，该字符在当前源字符集中无效(代码页 65001)。
D:\c++_learning\ffplayer\src\FFMediaPlayer_64\Media.cpp(1,1): warning C4828: 文件包含在偏移 0x1619 处开始的字符，该字符在当前源字符集中无效(代码页 65001)。
D:\c++_learning\ffplayer\src\FFMediaPlayer_64\Media.cpp(1,1): warning C4828: 文件包含在偏移 0x161c 处开始的字符，该字符在当前源字符集中无效(代码页 65001)。
D:\c++_learning\ffplayer\src\FFMediaPlayer_64\Media.cpp(1,1): warning C4828: 文件包含在偏移 0x186d 处开始的字符，该字符在当前源字符集中无效(代码页 65001)。
D:\c++_learning\ffplayer\src\FFMediaPlayer_64\Media.cpp(1,1): warning C4828: 文件包含在偏移 0x186f 处开始的字符，该字符在当前源字符集中无效(代码页 65001)。
D:\c++_learning\ffplayer\src\FFMediaPlayer_64\Media.cpp(1,1): warning C4828: 文件包含在偏移 0x1872 处开始的字符，该字符在当前源字符集中无效(代码页 65001)。
D:\c++_learning\ffplayer\src\FFMediaPlayer_64\Media.cpp(1,1): warning C4828: 文件包含在偏移 0x187f 处开始的字符，该字符在当前源字符集中无效(代码页 65001)。
D:\c++_learning\ffplayer\src\FFMediaPlayer_64\Media.cpp(1,1): warning C4828: 文件包含在偏移 0x1880 处开始的字符，该字符在当前源字符集中无效(代码页 65001)。
D:\c++_learning\ffplayer\src\FFMediaPlayer_64\Media.cpp(1,1): warning C4828: 文件包含在偏移 0x1882 处开始的字符，该字符在当前源字符集中无效(代码页 65001)。
D:\c++_learning\ffplayer\src\FFMediaPlayer_64\Media.cpp(1,1): warning C4828: 文件包含在偏移 0x1883 处开始的字符，该字符在当前源字符集中无效(代码页 65001)。
D:\c++_learning\ffplayer\src\FFMediaPlayer_64\Media.cpp(1,1): warning C4828: 文件包含在偏移 0x1884 处开始的字符，该字符在当前源字符集中无效(代码页 65001)。
D:\c++_learning\ffplayer\src\FFMediaPlayer_64\Media.cpp(1,1): warning C4828: 文件包含在偏移 0x18d6 处开始的字符，该字符在当前源字符集中无效(代码页 65001)。
D:\c++_learning\ffplayer\src\FFMediaPlayer_64\Media.cpp(1,1): warning C4828: 文件包含在偏移 0x18da 处开始的字符，该字符在当前源字符集中无效(代码页 65001)。
D:\c++_learning\ffplayer\src\FFMediaPlayer_64\Media.cpp(1,1): warning C4828: 文件包含在偏移 0x18db 处开始的字符，该字符在当前源字符集中无效(代码页 65001)。
D:\c++_learning\ffplayer\src\FFMediaPlayer_64\Media.cpp(1,1): warning C4828: 文件包含在偏移 0x191c 处开始的字符，该字符在当前源字符集中无效(代码页 65001)。
D:\c++_learning\ffplayer\src\FFMediaPlayer_64\Media.cpp(1,1): warning C4828: 文件包含在偏移 0x1920 处开始的字符，该字符在当前源字符集中无效(代码页 65001)。
D:\c++_learning\ffplayer\src\FFMediaPlayer_64\Media.cpp(1,1): warning C4828: 文件包含在偏移 0x1923 处开始的字符，该字符在当前源字符集中无效(代码页 65001)。
D:\c++_learning\ffplayer\src\FFMediaPlayer_64\Media.cpp(1,1): warning C4828: 文件包含在偏移 0x1971 处开始的字符，该字符在当前源字符集中无效(代码页 65001)。
D:\c++_learning\ffplayer\src\FFMediaPlayer_64\Media.cpp(1,1): warning C4828: 文件包含在偏移 0x1975 处开始的字符，该字符在当前源字符集中无效(代码页 65001)。
D:\c++_learning\ffplayer\src\FFMediaPlayer_64\Media.cpp(1,1): warning C4828: 文件包含在偏移 0x1978 处开始的字符，该字符在当前源字符集中无效(代码页 65001)。
D:\c++_learning\ffplayer\src\FFMediaPlayer_64\Media.cpp(1,1): warning C4828: 文件包含在偏移 0x199d 处开始的字符，该字符在当前源字符集中无效(代码页 65001)。
D:\c++_learning\ffplayer\src\FFMediaPlayer_64\Media.cpp(1,1): warning C4828: 文件包含在偏移 0x199e 处开始的字符，该字符在当前源字符集中无效(代码页 65001)。
D:\c++_learning\ffplayer\src\FFMediaPlayer_64\Media.cpp(1,1): warning C4828: 文件包含在偏移 0x199f 处开始的字符，该字符在当前源字符集中无效(代码页 65001)。
D:\c++_learning\ffplayer\src\FFMediaPlayer_64\Media.cpp(1,1): warning C4828: 文件包含在偏移 0x19a0 处开始的字符，该字符在当前源字符集中无效(代码页 65001)。
D:\c++_learning\ffplayer\src\FFMediaPlayer_64\Media.cpp(1,1): warning C4828: 文件包含在偏移 0x19a4 处开始的字符，该字符在当前源字符集中无效(代码页 65001)。
D:\c++_learning\ffplayer\src\FFMediaPlayer_64\Media.cpp(1,1): warning C4828: 文件包含在偏移 0x19a5 处开始的字符，该字符在当前源字符集中无效(代码页 65001)。
D:\c++_learning\ffplayer\src\FFMediaPlayer_64\Media.cpp(1,1): warning C4828: 文件包含在偏移 0x19a8 处开始的字符，该字符在当前源字符集中无效(代码页 65001)。
D:\c++_learning\ffplayer\src\FFMediaPlayer_64\Media.cpp(1,1): warning C4828: 文件包含在偏移 0x19f2 处开始的字符，该字符在当前源字符集中无效(代码页 65001)。
D:\c++_learning\ffplayer\src\FFMediaPlayer_64\Media.cpp(1,1): warning C4828: 文件包含在偏移 0x19fc 处开始的字符，该字符在当前源字符集中无效(代码页 65001)。
D:\c++_learning\ffplayer\src\FFMediaPlayer_64\Media.cpp(1,1): warning C4828: 文件包含在偏移 0x19fd 处开始的字符，该字符在当前源字符集中无效(代码页 65001)。
D:\c++_learning\ffplayer\src\FFMediaPlayer_64\Media.cpp(1,1): warning C4828: 文件包含在偏移 0x19ff 处开始的字符，该字符在当前源字符集中无效(代码页 65001)。
D:\c++_learning\ffplayer\src\FFMediaPlayer_64\Media.cpp(1,1): warning C4828: 文件包含在偏移 0x1a00 处开始的字符，该字符在当前源字符集中无效(代码页 65001)。
D:\c++_learning\ffplayer\src\FFMediaPlayer_64\Media.cpp(1,1): warning C4828: 文件包含在偏移 0x1a01 处开始的字符，该字符在当前源字符集中无效(代码页 65001)。
D:\c++_learning\ffplayer\src\FFMediaPlayer_64\Media.cpp(1,1): warning C4828: 文件包含在偏移 0x1a02 处开始的字符，该字符在当前源字符集中无效(代码页 65001)。
D:\c++_learning\ffplayer\src\FFMediaPlayer_64\Media.cpp(1,1): warning C4828: 文件包含在偏移 0x1a03 处开始的字符，该字符在当前源字符集中无效(代码页 65001)。
D:\c++_learning\ffplayer\src\FFMediaPlayer_64\Media.cpp(1,1): warning C4828: 文件包含在偏移 0x1a04 处开始的字符，该字符在当前源字符集中无效(代码页 65001)。
D:\c++_learning\ffplayer\src\FFMediaPlayer_64\Media.cpp(1,1): warning C4828: 文件包含在偏移 0x1a05 处开始的字符，该字符在当前源字符集中无效(代码页 65001)。
D:\c++_learning\ffplayer\src\FFMediaPlayer_64\Media.cpp(1,1): warning C4828: 文件包含在偏移 0x1a07 处开始的字符，该字符在当前源字符集中无效(代码页 65001)。
D:\c++_learning\ffplayer\src\FFMediaPlayer_64\Media.cpp(1,1): warning C4828: 文件包含在偏移 0x1a08 处开始的字符，该字符在当前源字符集中无效(代码页 65001)。
D:\c++_learning\ffplayer\src\FFMediaPlayer_64\Media.cpp(1,1): warning C4828: 文件包含在偏移 0x1a09 处开始的字符，该字符在当前源字符集中无效(代码页 65001)。
D:\c++_learning\ffplayer\src\FFMediaPlayer_64\Media.cpp(1,1): warning C4828: 文件包含在偏移 0x1a5c 处开始的字符，该字符在当前源字符集中无效(代码页 65001)。
D:\c++_learning\ffplayer\src\FFMediaPlayer_64\Media.cpp(1,1): warning C4828: 文件包含在偏移 0x1a60 处开始的字符，该字符在当前源字符集中无效(代码页 65001)。
D:\c++_learning\ffplayer\src\FFMediaPlayer_64\Media.cpp(1,1): warning C4828: 文件包含在偏移 0x1a61 处开始的字符，该字符在当前源字符集中无效(代码页 65001)。
D:\c++_learning\ffplayer\src\FFMediaPlayer_64\Media.cpp(1,1): warning C4828: 文件包含在偏移 0x1aa2 处开始的字符，该字符在当前源字符集中无效(代码页 65001)。
D:\c++_learning\ffplayer\src\FFMediaPlayer_64\Media.cpp(1,1): warning C4828: 文件包含在偏移 0x1aa6 处开始的字符，该字符在当前源字符集中无效(代码页 65001)。
D:\c++_learning\ffplayer\src\FFMediaPlayer_64\Media.cpp(1,1): warning C4828: 文件包含在偏移 0x1aa9 处开始的字符，该字符在当前源字符集中无效(代码页 65001)。
D:\c++_learning\ffplayer\src\FFMediaPlayer_64\Media.cpp(1,1): warning C4828: 文件包含在偏移 0x1af7 处开始的字符，该字符在当前源字符集中无效(代码页 65001)。
D:\c++_learning\ffplayer\src\FFMediaPlayer_64\Media.cpp(1,1): warning C4828: 文件包含在偏移 0x1afb 处开始的字符，该字符在当前源字符集中无效(代码页 65001)。
D:\c++_learning\ffplayer\src\FFMediaPlayer_64\Media.cpp(1,1): warning C4828: 文件包含在偏移 0x1afe 处开始的字符，该字符在当前源字符集中无效(代码页 65001)。
D:\c++_learning\ffplayer\src\FFMediaPlayer_64\Media.cpp(1,1): warning C4828: 文件包含在偏移 0x1b77 处开始的字符，该字符在当前源字符集中无效(代码页 65001)。
D:\c++_learning\ffplayer\src\FFMediaPlayer_64\Media.cpp(1,1): warning C4828: 文件包含在偏移 0x1b78 处开始的字符，该字符在当前源字符集中无效(代码页 65001)。
D:\c++_learning\ffplayer\src\FFMediaPlayer_64\Media.cpp(1,1): warning C4828: 文件包含在偏移 0x1b79 处开始的字符，该字符在当前源字符集中无效(代码页 65001)。
D:\c++_learning\ffplayer\src\FFMediaPlayer_64\Media.cpp(1,1): warning C4828: 文件包含在偏移 0x1b7a 处开始的字符，该字符在当前源字符集中无效(代码页 65001)。
D:\c++_learning\ffplayer\src\FFMediaPlayer_64\Media.cpp(1,1): warning C4828: 文件包含在偏移 0x1b7e 处开始的字符，该字符在当前源字符集中无效(代码页 65001)。
D:\c++_learning\ffplayer\src\FFMediaPlayer_64\Media.cpp(1,1): warning C4828: 文件包含在偏移 0x1b7f 处开始的字符，该字符在当前源字符集中无效(代码页 65001)。
D:\c++_learning\ffplayer\src\FFMediaPlayer_64\Media.cpp(1,1): warning C4828: 文件包含在偏移 0x1b82 处开始的字符，该字符在当前源字符集中无效(代码页 65001)。
D:\c++_learning\ffplayer\src\FFMediaPlayer_64\Media.cpp(1,1): warning C4828: 文件包含在偏移 0x1bca 处开始的字符，该字符在当前源字符集中无效(代码页 65001)。
D:\c++_learning\ffplayer\src\FFMediaPlayer_64\Media.cpp(1,1): warning C4828: 文件包含在偏移 0x1be0 处开始的字符，该字符在当前源字符集中无效(代码页 65001)。
D:\c++_learning\ffplayer\src\FFMediaPlayer_64\Media.cpp(1,1): warning C4828: 文件包含在偏移 0x1be1 处开始的字符，该字符在当前源字符集中无效(代码页 65001)。
D:\c++_learning\ffplayer\src\FFMediaPlayer_64\Media.cpp(1,1): warning C4828: 文件包含在偏移 0x1be3 处开始的字符，该字符在当前源字符集中无效(代码页 65001)。
D:\c++_learning\ffplayer\src\FFMediaPlayer_64\Media.cpp(1,1): warning C4828: 文件包含在偏移 0x1be4 处开始的字符，该字符在当前源字符集中无效(代码页 65001)。
D:\c++_learning\ffplayer\src\FFMediaPlayer_64\Media.cpp(1,1): warning C4828: 文件包含在偏移 0x1be5 处开始的字符，该字符在当前源字符集中无效(代码页 65001)。
D:\c++_learning\ffplayer\src\FFMediaPlayer_64\Media.cpp(1,1): warning C4828: 文件包含在偏移 0x1be6 处开始的字符，该字符在当前源字符集中无效(代码页 65001)。
D:\c++_learning\ffplayer\src\FFMediaPlayer_64\Media.cpp(1,1): warning C4828: 文件包含在偏移 0x1be7 处开始的字符，该字符在当前源字符集中无效(代码页 65001)。
D:\c++_learning\ffplayer\src\FFMediaPlayer_64\Media.cpp(1,1): warning C4828: 文件包含在偏移 0x1be8 处开始的字符，该字符在当前源字符集中无效(代码页 65001)。
D:\c++_learning\ffplayer\src\FFMediaPlayer_64\Media.cpp(1,1): warning C4828: 文件包含在偏移 0x1bed 处开始的字符，该字符在当前源字符集中无效(代码页 65001)。
D:\c++_learning\ffplayer\src\FFMediaPlayer_64\Media.cpp(1,1): warning C4828: 文件包含在偏移 0x1bf0 处开始的字符，该字符在当前源字符集中无效(代码页 65001)。
D:\c++_learning\ffplayer\src\FFMediaPlayer_64\Media.cpp(1,1): warning C4828: 文件包含在偏移 0x1bf1 处开始的字符，该字符在当前源字符集中无效(代码页 65001)。
D:\c++_learning\ffplayer\src\FFMediaPlayer_64\Media.cpp(1,1): warning C4828: 文件包含在偏移 0x1c43 处开始的字符，该字符在当前源字符集中无效(代码页 65001)。
D:\c++_learning\ffplayer\src\FFMediaPlayer_64\Media.cpp(1,1): warning C4828: 文件包含在偏移 0x1c47 处开始的字符，该字符在当前源字符集中无效(代码页 65001)。
D:\c++_learning\ffplayer\src\FFMediaPlayer_64\Media.cpp(1,1): warning C4828: 文件包含在偏移 0x1c48 处开始的字符，该字符在当前源字符集中无效(代码页 65001)。
D:\c++_learning\ffplayer\src\FFMediaPlayer_64\Media.cpp(1,1): warning C4828: 文件包含在偏移 0x1c89 处开始的字符，该字符在当前源字符集中无效(代码页 65001)。
D:\c++_learning\ffplayer\src\FFMediaPlayer_64\Media.cpp(1,1): warning C4828: 文件包含在偏移 0x1c8d 处开始的字符，该字符在当前源字符集中无效(代码页 65001)。
D:\c++_learning\ffplayer\src\FFMediaPlayer_64\Media.cpp(1,1): warning C4828: 文件包含在偏移 0x1c90 处开始的字符，该字符在当前源字符集中无效(代码页 65001)。
D:\c++_learning\ffplayer\src\FFMediaPlayer_64\Media.cpp(1,1): warning C4828: 文件包含在偏移 0x1cde 处开始的字符，该字符在当前源字符集中无效(代码页 65001)。
D:\c++_learning\ffplayer\src\FFMediaPlayer_64\Media.cpp(1,1): warning C4828: 文件包含在偏移 0x1ce2 处开始的字符，该字符在当前源字符集中无效(代码页 65001)。
D:\c++_learning\ffplayer\src\FFMediaPlayer_64\Media.cpp(1,1): warning C4828: 文件包含在偏移 0x1ce5 处开始的字符，该字符在当前源字符集中无效(代码页 65001)。
D:\c++_learning\ffplayer\src\FFMediaPlayer_64\Media.cpp(1,1): warning C4828: 文件包含在偏移 0x1d09 处开始的字符，该字符在当前源字符集中无效(代码页 65001)。
D:\c++_learning\ffplayer\src\FFMediaPlayer_64\Media.cpp(1,1): warning C4828: 文件包含在偏移 0x1d0a 处开始的字符，该字符在当前源字符集中无效(代码页 65001)。
D:\c++_learning\ffplayer\src\FFMediaPlayer_64\Media.cpp(1,1): warning C4828: 文件包含在偏移 0x1d0b 处开始的字符，该字符在当前源字符集中无效(代码页 65001)。
D:\c++_learning\ffplayer\src\FFMediaPlayer_64\Media.cpp(1,1): warning C4828: 文件包含在偏移 0x1d0c 处开始的字符，该字符在当前源字符集中无效(代码页 65001)。
D:\c++_learning\ffplayer\src\FFMediaPlayer_64\Media.cpp(1,1): warning C4828: 文件包含在偏移 0x1d10 处开始的字符，该字符在当前源字符集中无效(代码页 65001)。
D:\c++_learning\ffplayer\src\FFMediaPlayer_64\Media.cpp(1,1): warning C4828: 文件包含在偏移 0x1d11 处开始的字符，该字符在当前源字符集中无效(代码页 65001)。
D:\c++_learning\ffplayer\src\FFMediaPlayer_64\Media.cpp(1,1): warning C4828: 文件包含在偏移 0x1d14 处开始的字符，该字符在当前源字符集中无效(代码页 65001)。
D:\c++_learning\ffplayer\src\FFMediaPlayer_64\Media.cpp(1,1): warning C4828: 文件包含在偏移 0x1d7f 处开始的字符，该字符在当前源字符集中无效(代码页 65001)。
D:\c++_learning\ffplayer\src\FFMediaPlayer_64\Media.cpp(1,1): warning C4828: 文件包含在偏移 0x1d83 处开始的字符，该字符在当前源字符集中无效(代码页 65001)。
D:\c++_learning\ffplayer\src\FFMediaPlayer_64\Media.cpp(1,1): warning C4828: 文件包含在偏移 0x1d84 处开始的字符，该字符在当前源字符集中无效(代码页 65001)。
D:\c++_learning\ffplayer\src\FFMediaPlayer_64\Media.cpp(1,1): warning C4828: 文件包含在偏移 0x1d9a 处开始的字符，该字符在当前源字符集中无效(代码页 65001)。
D:\c++_learning\ffplayer\src\FFMediaPlayer_64\Media.cpp(1,1): warning C4828: 文件包含在偏移 0x1d9e 处开始的字符，该字符在当前源字符集中无效(代码页 65001)。
D:\c++_learning\ffplayer\src\FFMediaPlayer_64\Media.cpp(1,1): warning C4828: 文件包含在偏移 0x1da1 处开始的字符，该字符在当前源字符集中无效(代码页 65001)。
D:\c++_learning\ffplayer\src\FFMediaPlayer_64\Media.cpp(1,1): warning C4828: 文件包含在偏移 0x1dc4 处开始的字符，该字符在当前源字符集中无效(代码页 65001)。
D:\c++_learning\ffplayer\src\FFMediaPlayer_64\Media.cpp(1,1): warning C4828: 文件包含在偏移 0x1dc8 处开始的字符，该字符在当前源字符集中无效(代码页 65001)。
D:\c++_learning\ffplayer\src\FFMediaPlayer_64\Media.cpp(1,1): warning C4828: 文件包含在偏移 0x1dcb 处开始的字符，该字符在当前源字符集中无效(代码页 65001)。
D:\c++_learning\ffplayer\src\FFMediaPlayer_64\Media.cpp(1,1): warning C4828: 文件包含在偏移 0x1df0 处开始的字符，该字符在当前源字符集中无效(代码页 65001)。
D:\c++_learning\ffplayer\src\FFMediaPlayer_64\Media.cpp(1,1): warning C4828: 文件包含在偏移 0x1df1 处开始的字符，该字符在当前源字符集中无效(代码页 65001)。
D:\c++_learning\ffplayer\src\FFMediaPlayer_64\Media.cpp(1,1): warning C4828: 文件包含在偏移 0x1df2 处开始的字符，该字符在当前源字符集中无效(代码页 65001)。
D:\c++_learning\ffplayer\src\FFMediaPlayer_64\Media.cpp(1,1): warning C4828: 文件包含在偏移 0x1df3 处开始的字符，该字符在当前源字符集中无效(代码页 65001)。
D:\c++_learning\ffplayer\src\FFMediaPlayer_64\Media.cpp(1,1): warning C4828: 文件包含在偏移 0x1df7 处开始的字符，该字符在当前源字符集中无效(代码页 65001)。
D:\c++_learning\ffplayer\src\FFMediaPlayer_64\Media.cpp(1,1): warning C4828: 文件包含在偏移 0x1df8 处开始的字符，该字符在当前源字符集中无效(代码页 65001)。
D:\c++_learning\ffplayer\src\FFMediaPlayer_64\Media.cpp(1,1): warning C4828: 文件包含在偏移 0x1dfb 处开始的字符，该字符在当前源字符集中无效(代码页 65001)。
D:\c++_learning\ffplayer\src\FFMediaPlayer_64\Media.cpp(1,1): warning C4828: 文件包含在偏移 0x222e 处开始的字符，该字符在当前源字符集中无效(代码页 65001)。
D:\c++_learning\ffplayer\src\FFMediaPlayer_64\Media.cpp(1,1): warning C4828: 文件包含在偏移 0x222f 处开始的字符，该字符在当前源字符集中无效(代码页 65001)。
D:\c++_learning\ffplayer\src\FFMediaPlayer_64\Media.cpp(1,1): warning C4828: 文件包含在偏移 0x2232 处开始的字符，该字符在当前源字符集中无效(代码页 65001)。
D:\c++_learning\ffplayer\src\FFMediaPlayer_64\Media.cpp(1,1): warning C4828: 文件包含在偏移 0x2233 处开始的字符，该字符在当前源字符集中无效(代码页 65001)。
D:\c++_learning\ffplayer\src\FFMediaPlayer_64\Media.cpp(1,1): warning C4828: 文件包含在偏移 0x2236 处开始的字符，该字符在当前源字符集中无效(代码页 65001)。
D:\c++_learning\ffplayer\src\FFMediaPlayer_64\Media.cpp(1,1): warning C4828: 文件包含在偏移 0x2238 处开始的字符，该字符在当前源字符集中无效(代码页 65001)。
D:\c++_learning\ffplayer\src\FFMediaPlayer_64\Media.cpp(1,1): warning C4828: 文件包含在偏移 0x2239 处开始的字符，该字符在当前源字符集中无效(代码页 65001)。
D:\c++_learning\ffplayer\src\FFMediaPlayer_64\Media.cpp(1,1): warning C4828: 文件包含在偏移 0x223a 处开始的字符，该字符在当前源字符集中无效(代码页 65001)。
D:\c++_learning\ffplayer\src\FFMediaPlayer_64\Media.cpp(1,1): warning C4828: 文件包含在偏移 0x223b 处开始的字符，该字符在当前源字符集中无效(代码页 65001)。
D:\c++_learning\ffplayer\src\FFMediaPlayer_64\Media.cpp(1,1): warning C4828: 文件包含在偏移 0x223c 处开始的字符，该字符在当前源字符集中无效(代码页 65001)。
D:\c++_learning\ffplayer\src\FFMediaPlayer_64\Media.cpp(1,1): warning C4828: 文件包含在偏移 0x223d 处开始的字符，该字符在当前源字符集中无效(代码页 65001)。
D:\c++_learning\ffplayer\src\FFMediaPlayer_64\Media.cpp(1,1): warning C4828: 文件包含在偏移 0x223f 处开始的字符，该字符在当前源字符集中无效(代码页 65001)。
D:\c++_learning\ffplayer\src\FFMediaPlayer_64\Media.cpp(1,1): warning C4828: 文件包含在偏移 0x22a4 处开始的字符，该字符在当前源字符集中无效(代码页 65001)。
D:\c++_learning\ffplayer\src\FFMediaPlayer_64\Media.cpp(1,1): warning C4828: 文件包含在偏移 0x22a5 处开始的字符，该字符在当前源字符集中无效(代码页 65001)。
D:\c++_learning\ffplayer\src\FFMediaPlayer_64\Media.cpp(1,1): warning C4828: 文件包含在偏移 0x22a6 处开始的字符，该字符在当前源字符集中无效(代码页 65001)。
D:\c++_learning\ffplayer\src\FFMediaPlayer_64\Media.cpp(1,1): warning C4828: 文件包含在偏移 0x22aa 处开始的字符，该字符在当前源字符集中无效(代码页 65001)。
D:\c++_learning\ffplayer\src\FFMediaPlayer_64\Media.cpp(1,1): warning C4828: 文件包含在偏移 0x22ab 处开始的字符，该字符在当前源字符集中无效(代码页 65001)。
D:\c++_learning\ffplayer\src\FFMediaPlayer_64\Media.cpp(1,1): warning C4828: 文件包含在偏移 0x22ef 处开始的字符，该字符在当前源字符集中无效(代码页 65001)。
D:\c++_learning\ffplayer\src\FFMediaPlayer_64\Media.cpp(1,1): warning C4828: 文件包含在偏移 0x22f0 处开始的字符，该字符在当前源字符集中无效(代码页 65001)。
D:\c++_learning\ffplayer\src\FFMediaPlayer_64\Media.cpp(1,1): warning C4828: 文件包含在偏移 0x22f1 处开始的字符，该字符在当前源字符集中无效(代码页 65001)。
D:\c++_learning\ffplayer\src\FFMediaPlayer_64\Media.cpp(1,1): warning C4828: 文件包含在偏移 0x22f5 处开始的字符，该字符在当前源字符集中无效(代码页 65001)。
D:\c++_learning\ffplayer\src\FFMediaPlayer_64\Media.cpp(1,1): warning C4828: 文件包含在偏移 0x22f7 处开始的字符，该字符在当前源字符集中无效(代码页 65001)。
D:\c++_learning\ffplayer\src\FFMediaPlayer_64\Media.cpp(1,1): warning C4828: 文件包含在偏移 0x22f8 处开始的字符，该字符在当前源字符集中无效(代码页 65001)。
D:\c++_learning\ffplayer\src\FFMediaPlayer_64\Media.cpp(1,1): warning C4828: 文件包含在偏移 0x2340 处开始的字符，该字符在当前源字符集中无效(代码页 65001)。
D:\c++_learning\ffplayer\src\FFMediaPlayer_64\Media.cpp(1,1): warning C4828: 文件包含在偏移 0x2341 处开始的字符，该字符在当前源字符集中无效(代码页 65001)。
D:\c++_learning\ffplayer\src\FFMediaPlayer_64\Media.cpp(1,1): warning C4828: 文件包含在偏移 0x2342 处开始的字符，该字符在当前源字符集中无效(代码页 65001)。
D:\c++_learning\ffplayer\src\FFMediaPlayer_64\Media.cpp(1,1): warning C4828: 文件包含在偏移 0x2346 处开始的字符，该字符在当前源字符集中无效(代码页 65001)。
D:\c++_learning\ffplayer\src\FFMediaPlayer_64\Media.cpp(1,1): warning C4828: 文件包含在偏移 0x2347 处开始的字符，该字符在当前源字符集中无效(代码页 65001)。
D:\c++_learning\ffplayer\src\FFMediaPlayer_64\Media.cpp(1,1): warning C4828: 文件包含在偏移 0x2936 处开始的字符，该字符在当前源字符集中无效(代码页 65001)。
D:\c++_learning\ffplayer\src\FFMediaPlayer_64\Media.cpp(1,1): warning C4828: 文件包含在偏移 0x2938 处开始的字符，该字符在当前源字符集中无效(代码页 65001)。
D:\c++_learning\ffplayer\src\FFMediaPlayer_64\Media.cpp(1,1): warning C4828: 文件包含在偏移 0x293b 处开始的字符，该字符在当前源字符集中无效(代码页 65001)。
D:\c++_learning\ffplayer\src\FFMediaPlayer_64\Media.cpp(1,1): warning C4828: 文件包含在偏移 0x293e 处开始的字符，该字符在当前源字符集中无效(代码页 65001)。
D:\c++_learning\ffplayer\src\FFMediaPlayer_64\Media.cpp(1,1): warning C4828: 文件包含在偏移 0x2940 处开始的字符，该字符在当前源字符集中无效(代码页 65001)。
D:\c++_learning\ffplayer\src\FFMediaPlayer_64\Media.cpp(1,1): warning C4828: 文件包含在偏移 0x2941 处开始的字符，该字符在当前源字符集中无效(代码页 65001)。
D:\c++_learning\ffplayer\src\FFMediaPlayer_64\Media.cpp(1,1): warning C4828: 文件包含在偏移 0x2943 处开始的字符，该字符在当前源字符集中无效(代码页 65001)。
D:\c++_learning\ffplayer\src\FFMediaPlayer_64\Media.cpp(1,1): warning C4828: 文件包含在偏移 0x2e96 处开始的字符，该字符在当前源字符集中无效(代码页 65001)。
D:\c++_learning\ffplayer\src\FFMediaPlayer_64\Media.cpp(1,1): warning C4828: 文件包含在偏移 0x2e97 处开始的字符，该字符在当前源字符集中无效(代码页 65001)。
D:\c++_learning\ffplayer\src\FFMediaPlayer_64\Media.cpp(1,1): warning C4828: 文件包含在偏移 0x2e9a 处开始的字符，该字符在当前源字符集中无效(代码页 65001)。
D:\c++_learning\ffplayer\src\FFMediaPlayer_64\Media.cpp(1,1): warning C4828: 文件包含在偏移 0x2e9b 处开始的字符，该字符在当前源字符集中无效(代码页 65001)。
D:\c++_learning\ffplayer\src\FFMediaPlayer_64\Media.cpp(1,1): warning C4828: 文件包含在偏移 0x2e9d 处开始的字符，该字符在当前源字符集中无效(代码页 65001)。
D:\c++_learning\ffplayer\src\FFMediaPlayer_64\Media.cpp(1,1): warning C4828: 文件包含在偏移 0x2ea0 处开始的字符，该字符在当前源字符集中无效(代码页 65001)。
D:\c++_learning\ffplayer\src\FFMediaPlayer_64\Media.cpp(1,1): warning C4828: 文件包含在偏移 0x2ea8 处开始的字符，该字符在当前源字符集中无效(代码页 65001)。
D:\c++_learning\ffplayer\src\FFMediaPlayer_64\Media.cpp(1,1): warning C4828: 文件包含在偏移 0x2ea9 处开始的字符，该字符在当前源字符集中无效(代码页 65001)。
D:\c++_learning\ffplayer\src\FFMediaPlayer_64\Media.cpp(1,1): warning C4828: 文件包含在偏移 0x2eae 处开始的字符，该字符在当前源字符集中无效(代码页 65001)。
D:\c++_learning\ffplayer\src\FFMediaPlayer_64\Media.cpp(1,1): warning C4828: 文件包含在偏移 0x2eb1 处开始的字符，该字符在当前源字符集中无效(代码页 65001)。
D:\c++_learning\ffplayer\src\FFMediaPlayer_64\Media.cpp(1,1): warning C4828: 文件包含在偏移 0x2eb2 处开始的字符，该字符在当前源字符集中无效(代码页 65001)。
D:\c++_learning\ffplayer\src\FFMediaPlayer_64\Media.cpp(1,1): warning C4828: 文件包含在偏移 0x2eb4 处开始的字符，该字符在当前源字符集中无效(代码页 65001)。
D:\c++_learning\ffplayer\src\FFMediaPlayer_64\Media.cpp(1,1): warning C4828: 文件包含在偏移 0x2eb5 处开始的字符，该字符在当前源字符集中无效(代码页 65001)。
D:\c++_learning\ffplayer\src\FFMediaPlayer_64\Media.cpp(1,1): warning C4828: 文件包含在偏移 0x2eb6 处开始的字符，该字符在当前源字符集中无效(代码页 65001)。
D:\c++_learning\ffplayer\src\FFMediaPlayer_64\Media.cpp(1,1): warning C4828: 文件包含在偏移 0x2eb9 处开始的字符，该字符在当前源字符集中无效(代码页 65001)。
D:\c++_learning\ffplayer\src\FFMediaPlayer_64\Media.cpp(1,1): warning C4828: 文件包含在偏移 0x2ebc 处开始的字符，该字符在当前源字符集中无效(代码页 65001)。
D:\c++_learning\ffplayer\src\FFMediaPlayer_64\Media.cpp(1,1): warning C4828: 文件包含在偏移 0x2ebd 处开始的字符，该字符在当前源字符集中无效(代码页 65001)。
D:\c++_learning\ffplayer\src\FFMediaPlayer_64\Media.cpp(1,1): warning C4828: 文件包含在偏移 0x2ec0 处开始的字符，该字符在当前源字符集中无效(代码页 65001)。
D:\c++_learning\ffplayer\src\FFMediaPlayer_64\Media.cpp(1,1): warning C4828: 文件包含在偏移 0x2ec1 处开始的字符，该字符在当前源字符集中无效(代码页 65001)。
D:\c++_learning\ffplayer\src\FFMediaPlayer_64\Media.cpp(1,1): warning C4828: 文件包含在偏移 0x2ec4 处开始的字符，该字符在当前源字符集中无效(代码页 65001)。
D:\c++_learning\ffplayer\src\FFMediaPlayer_64\Media.cpp(1,1): warning C4828: 文件包含在偏移 0x2ec7 处开始的字符，该字符在当前源字符集中无效(代码页 65001)。
D:\c++_learning\ffplayer\src\FFMediaPlayer_64\Media.cpp(1,1): warning C4828: 文件包含在偏移 0x2ec8 处开始的字符，该字符在当前源字符集中无效(代码页 65001)。
D:\c++_learning\ffplayer\src\FFMediaPlayer_64\Media.cpp(1,1): warning C4828: 文件包含在偏移 0x30fd 处开始的字符，该字符在当前源字符集中无效(代码页 65001)。
D:\c++_learning\ffplayer\src\FFMediaPlayer_64\Media.cpp(1,1): warning C4828: 文件包含在偏移 0x30fe 处开始的字符，该字符在当前源字符集中无效(代码页 65001)。
D:\c++_learning\ffplayer\src\FFMediaPlayer_64\Media.cpp(1,1): warning C4828: 文件包含在偏移 0x3101 处开始的字符，该字符在当前源字符集中无效(代码页 65001)。
D:\c++_learning\ffplayer\src\FFMediaPlayer_64\Media.cpp(1,1): warning C4828: 文件包含在偏移 0x3105 处开始的字符，该字符在当前源字符集中无效(代码页 65001)。
D:\c++_learning\ffplayer\src\FFMediaPlayer_64\Media.cpp(1,1): warning C4828: 文件包含在偏移 0x3108 处开始的字符，该字符在当前源字符集中无效(代码页 65001)。
D:\c++_learning\ffplayer\src\FFMediaPlayer_64\Media.cpp(1,1): warning C4828: 文件包含在偏移 0x3109 处开始的字符，该字符在当前源字符集中无效(代码页 65001)。
D:\c++_learning\ffplayer\src\FFMediaPlayer_64\Media.cpp(1,1): warning C4828: 文件包含在偏移 0x310b 处开始的字符，该字符在当前源字符集中无效(代码页 65001)。
D:\c++_learning\ffplayer\src\FFMediaPlayer_64\Media.cpp(1,1): warning C4828: 文件包含在偏移 0x310c 处开始的字符，该字符在当前源字符集中无效(代码页 65001)。
D:\c++_learning\ffplayer\src\FFMediaPlayer_64\Media.cpp(1,1): warning C4828: 文件包含在偏移 0x3114 处开始的字符，该字符在当前源字符集中无效(代码页 65001)。
D:\c++_learning\ffplayer\src\FFMediaPlayer_64\Media.cpp(1,1): warning C4828: 文件包含在偏移 0x3115 处开始的字符，该字符在当前源字符集中无效(代码页 65001)。
D:\c++_learning\ffplayer\src\FFMediaPlayer_64\Media.cpp(1,1): warning C4828: 文件包含在偏移 0x3117 处开始的字符，该字符在当前源字符集中无效(代码页 65001)。
D:\c++_learning\ffplayer\src\FFMediaPlayer_64\Media.cpp(1,1): warning C4828: 文件包含在偏移 0x3119 处开始的字符，该字符在当前源字符集中无效(代码页 65001)。
D:\c++_learning\ffplayer\src\FFMediaPlayer_64\Media.cpp(1,1): warning C4828: 文件包含在偏移 0x311a 处开始的字符，该字符在当前源字符集中无效(代码页 65001)。
D:\c++_learning\ffplayer\src\FFMediaPlayer_64\Media.cpp(1,1): warning C4828: 文件包含在偏移 0x33ce 处开始的字符，该字符在当前源字符集中无效(代码页 65001)。
D:\c++_learning\ffplayer\src\FFMediaPlayer_64\Media.cpp(1,1): warning C4828: 文件包含在偏移 0x33d2 处开始的字符，该字符在当前源字符集中无效(代码页 65001)。
D:\c++_learning\ffplayer\src\FFMediaPlayer_64\Media.cpp(1,1): warning C4828: 文件包含在偏移 0x33df 处开始的字符，该字符在当前源字符集中无效(代码页 65001)。
D:\c++_learning\ffplayer\src\FFMediaPlayer_64\Media.cpp(1,1): warning C4828: 文件包含在偏移 0x33e0 处开始的字符，该字符在当前源字符集中无效(代码页 65001)。
D:\c++_learning\ffplayer\src\FFMediaPlayer_64\Media.cpp(1,1): warning C4828: 文件包含在偏移 0x33e3 处开始的字符，该字符在当前源字符集中无效(代码页 65001)。
D:\c++_learning\ffplayer\src\FFMediaPlayer_64\Media.cpp(1,1): warning C4828: 文件包含在偏移 0x33e4 处开始的字符，该字符在当前源字符集中无效(代码页 65001)。
D:\c++_learning\ffplayer\src\FFMediaPlayer_64\Media.cpp(1,1): warning C4828: 文件包含在偏移 0x33e8 处开始的字符，该字符在当前源字符集中无效(代码页 65001)。
D:\c++_learning\ffplayer\src\FFMediaPlayer_64\Media.cpp(1,1): warning C4828: 文件包含在偏移 0x33e9 处开始的字符，该字符在当前源字符集中无效(代码页 65001)。
D:\c++_learning\ffplayer\src\FFMediaPlayer_64\Media.cpp(1,1): warning C4828: 文件包含在偏移 0x33ea 处开始的字符，该字符在当前源字符集中无效(代码页 65001)。
D:\c++_learning\ffplayer\src\FFMediaPlayer_64\Media.cpp(1,1): warning C4828: 文件包含在偏移 0x33f3 处开始的字符，该字符在当前源字符集中无效(代码页 65001)。
D:\c++_learning\ffplayer\src\FFMediaPlayer_64\Media.cpp(1,1): warning C4828: 文件包含在偏移 0x33f4 处开始的字符，该字符在当前源字符集中无效(代码页 65001)。
D:\c++_learning\ffplayer\src\FFMediaPlayer_64\Media.cpp(1,1): warning C4828: 文件包含在偏移 0x33f6 处开始的字符，该字符在当前源字符集中无效(代码页 65001)。
D:\c++_learning\ffplayer\src\FFMediaPlayer_64\Media.cpp(1,1): warning C4828: 文件包含在偏移 0x33f8 处开始的字符，该字符在当前源字符集中无效(代码页 65001)。
D:\c++_learning\ffplayer\src\FFMediaPlayer_64\Media.cpp(1,1): warning C4828: 文件包含在偏移 0x33f9 处开始的字符，该字符在当前源字符集中无效(代码页 65001)。
D:\c++_learning\ffplayer\src\FFMediaPlayer_64\Media.cpp(1,1): warning C4828: 文件包含在偏移 0x33fa 处开始的字符，该字符在当前源字符集中无效(代码页 65001)。
D:\c++_learning\ffplayer\src\FFMediaPlayer_64\Media.cpp(1,1): warning C4828: 文件包含在偏移 0x33fb 处开始的字符，该字符在当前源字符集中无效(代码页 65001)。
D:\c++_learning\ffplayer\src\FFMediaPlayer_64\Media.cpp(1,1): warning C4828: 文件包含在偏移 0x33fc 处开始的字符，该字符在当前源字符集中无效(代码页 65001)。
D:\c++_learning\ffplayer\src\FFMediaPlayer_64\Media.cpp(1,1): warning C4828: 文件包含在偏移 0x33fd 处开始的字符，该字符在当前源字符集中无效(代码页 65001)。
D:\c++_learning\ffplayer\src\FFMediaPlayer_64\Media.cpp(1,1): warning C4828: 文件包含在偏移 0x33fe 处开始的字符，该字符在当前源字符集中无效(代码页 65001)。
D:\c++_learning\ffplayer\src\FFMediaPlayer_64\Media.cpp(1,1): warning C4828: 文件包含在偏移 0x3a85 处开始的字符，该字符在当前源字符集中无效(代码页 65001)。
D:\c++_learning\ffplayer\src\FFMediaPlayer_64\Media.cpp(1,1): warning C4828: 文件包含在偏移 0x3a86 处开始的字符，该字符在当前源字符集中无效(代码页 65001)。
D:\c++_learning\ffplayer\src\FFMediaPlayer_64\Media.cpp(1,1): warning C4828: 文件包含在偏移 0x3a88 处开始的字符，该字符在当前源字符集中无效(代码页 65001)。
D:\c++_learning\ffplayer\src\FFMediaPlayer_64\Media.cpp(1,1): warning C4828: 文件包含在偏移 0x3a8a 处开始的字符，该字符在当前源字符集中无效(代码页 65001)。
D:\c++_learning\ffplayer\src\FFMediaPlayer_64\Media.cpp(1,1): warning C4828: 文件包含在偏移 0x3a8d 处开始的字符，该字符在当前源字符集中无效(代码页 65001)。
D:\c++_learning\ffplayer\src\FFMediaPlayer_64\Media.cpp(1,1): warning C4828: 文件包含在偏移 0x3a8e 处开始的字符，该字符在当前源字符集中无效(代码页 65001)。
D:\c++_learning\ffplayer\src\FFMediaPlayer_64\Media.cpp(1,1): warning C4828: 文件包含在偏移 0x3a8f 处开始的字符，该字符在当前源字符集中无效(代码页 65001)。
D:\c++_learning\ffplayer\src\FFMediaPlayer_64\Media.cpp(1,1): warning C4828: 文件包含在偏移 0x3aa3 处开始的字符，该字符在当前源字符集中无效(代码页 65001)。
D:\c++_learning\ffplayer\src\FFMediaPlayer_64\Media.cpp(1,1): warning C4828: 文件包含在偏移 0x3aa5 处开始的字符，该字符在当前源字符集中无效(代码页 65001)。
D:\c++_learning\ffplayer\src\FFMediaPlayer_64\Media.cpp(1,1): warning C4828: 文件包含在偏移 0x3aa6 处开始的字符，该字符在当前源字符集中无效(代码页 65001)。
D:\c++_learning\ffplayer\src\FFMediaPlayer_64\Media.cpp(1,1): warning C4828: 文件包含在偏移 0x3aa8 处开始的字符，该字符在当前源字符集中无效(代码页 65001)。
D:\c++_learning\ffplayer\src\FFMediaPlayer_64\Media.cpp(1,1): warning C4828: 文件包含在偏移 0x3aac 处开始的字符，该字符在当前源字符集中无效(代码页 65001)。
D:\c++_learning\ffplayer\src\FFMediaPlayer_64\Media.cpp(1,1): warning C4828: 文件包含在偏移 0x3b05 处开始的字符，该字符在当前源字符集中无效(代码页 65001)。
D:\c++_learning\ffplayer\src\FFMediaPlayer_64\Media.cpp(1,1): warning C4828: 文件包含在偏移 0x3b06 处开始的字符，该字符在当前源字符集中无效(代码页 65001)。
D:\c++_learning\ffplayer\src\FFMediaPlayer_64\Media.cpp(1,1): warning C4828: 文件包含在偏移 0x3b09 处开始的字符，该字符在当前源字符集中无效(代码页 65001)。
D:\c++_learning\ffplayer\src\FFMediaPlayer_64\Media.cpp(1,1): warning C4828: 文件包含在偏移 0x3b0b 处开始的字符，该字符在当前源字符集中无效(代码页 65001)。
D:\c++_learning\ffplayer\src\FFMediaPlayer_64\Media.cpp(1,1): warning C4828: 文件包含在偏移 0x3b0c 处开始的字符，该字符在当前源字符集中无效(代码页 65001)。
D:\c++_learning\ffplayer\src\FFMediaPlayer_64\Media.cpp(1,1): warning C4828: 文件包含在偏移 0x3b10 处开始的字符，该字符在当前源字符集中无效(代码页 65001)。
D:\c++_learning\ffplayer\src\FFMediaPlayer_64\Media.cpp(1,1): warning C4828: 文件包含在偏移 0x3b13 处开始的字符，该字符在当前源字符集中无效(代码页 65001)。
D:\c++_learning\ffplayer\src\FFMediaPlayer_64\Media.cpp(1,1): warning C4828: 文件包含在偏移 0x3b15 处开始的字符，该字符在当前源字符集中无效(代码页 65001)。
D:\c++_learning\ffplayer\src\FFMediaPlayer_64\Media.cpp(1,1): warning C4828: 文件包含在偏移 0x3b16 处开始的字符，该字符在当前源字符集中无效(代码页 65001)。
D:\c++_learning\ffplayer\src\FFMediaPlayer_64\Media.cpp(1,1): warning C4828: 文件包含在偏移 0x3b17 处开始的字符，该字符在当前源字符集中无效(代码页 65001)。
D:\c++_learning\ffplayer\src\FFMediaPlayer_64\Media.cpp(1,1): warning C4828: 文件包含在偏移 0x3b18 处开始的字符，该字符在当前源字符集中无效(代码页 65001)。
D:\c++_learning\ffplayer\src\FFMediaPlayer_64\Media.cpp(1,1): warning C4828: 文件包含在偏移 0x3b1b 处开始的字符，该字符在当前源字符集中无效(代码页 65001)。
D:\c++_learning\ffplayer\src\FFMediaPlayer_64\Media.cpp(1,1): warning C4828: 文件包含在偏移 0x3b1c 处开始的字符，该字符在当前源字符集中无效(代码页 65001)。
D:\c++_learning\ffplayer\src\FFMediaPlayer_64\Media.cpp(1,1): warning C4828: 文件包含在偏移 0x411c 处开始的字符，该字符在当前源字符集中无效(代码页 65001)。
D:\c++_learning\ffplayer\src\FFMediaPlayer_64\Media.cpp(1,1): warning C4828: 文件包含在偏移 0x411d 处开始的字符，该字符在当前源字符集中无效(代码页 65001)。
D:\c++_learning\ffplayer\src\FFMediaPlayer_64\Media.cpp(1,1): warning C4828: 文件包含在偏移 0x411f 处开始的字符，该字符在当前源字符集中无效(代码页 65001)。
D:\c++_learning\ffplayer\src\FFMediaPlayer_64\Media.cpp(1,1): warning C4828: 文件包含在偏移 0x4122 处开始的字符，该字符在当前源字符集中无效(代码页 65001)。
D:\c++_learning\ffplayer\src\FFMediaPlayer_64\Media.cpp(1,1): warning C4828: 文件包含在偏移 0x4125 处开始的字符，该字符在当前源字符集中无效(代码页 65001)。
D:\c++_learning\ffplayer\src\FFMediaPlayer_64\Media.cpp(1,1): warning C4828: 文件包含在偏移 0x4129 处开始的字符，该字符在当前源字符集中无效(代码页 65001)。
D:\c++_learning\ffplayer\src\FFMediaPlayer_64\Media.cpp(1,1): warning C4828: 文件包含在偏移 0x412b 处开始的字符，该字符在当前源字符集中无效(代码页 65001)。
D:\c++_learning\ffplayer\src\FFMediaPlayer_64\Media.cpp(1,1): warning C4828: 文件包含在偏移 0x412c 处开始的字符，该字符在当前源字符集中无效(代码页 65001)。
D:\c++_learning\ffplayer\src\FFMediaPlayer_64\Media.cpp(1,1): warning C4828: 文件包含在偏移 0x412f 处开始的字符，该字符在当前源字符集中无效(代码页 65001)。
D:\c++_learning\ffplayer\src\FFMediaPlayer_64\Media.cpp(1,1): warning C4828: 文件包含在偏移 0x4130 处开始的字符，该字符在当前源字符集中无效(代码页 65001)。
D:\c++_learning\ffplayer\src\FFMediaPlayer_64\Media.cpp(1,1): warning C4828: 文件包含在偏移 0x4131 处开始的字符，该字符在当前源字符集中无效(代码页 65001)。
D:\c++_learning\ffplayer\src\FFMediaPlayer_64\Media.cpp(1,1): warning C4828: 文件包含在偏移 0x41b9 处开始的字符，该字符在当前源字符集中无效(代码页 65001)。
D:\c++_learning\ffplayer\src\FFMediaPlayer_64\Media.cpp(1,1): warning C4828: 文件包含在偏移 0x41ba 处开始的字符，该字符在当前源字符集中无效(代码页 65001)。
D:\c++_learning\ffplayer\src\FFMediaPlayer_64\Media.cpp(1,1): warning C4828: 文件包含在偏移 0x41bb 处开始的字符，该字符在当前源字符集中无效(代码页 65001)。
D:\c++_learning\ffplayer\src\FFMediaPlayer_64\Media.cpp(1,1): warning C4828: 文件包含在偏移 0x41bd 处开始的字符，该字符在当前源字符集中无效(代码页 65001)。
D:\c++_learning\ffplayer\src\FFMediaPlayer_64\Media.cpp(1,1): warning C4828: 文件包含在偏移 0x41c2 处开始的字符，该字符在当前源字符集中无效(代码页 65001)。
D:\c++_learning\ffplayer\src\FFMediaPlayer_64\Media.cpp(1,1): warning C4828: 文件包含在偏移 0x41c3 处开始的字符，该字符在当前源字符集中无效(代码页 65001)。
D:\c++_learning\ffplayer\src\FFMediaPlayer_64\Media.cpp(1,1): warning C4828: 文件包含在偏移 0x41c4 处开始的字符，该字符在当前源字符集中无效(代码页 65001)。
D:\c++_learning\ffplayer\src\FFMediaPlayer_64\Media.cpp(1,1): warning C4828: 文件包含在偏移 0x41c7 处开始的字符，该字符在当前源字符集中无效(代码页 65001)。
D:\c++_learning\ffplayer\src\FFMediaPlayer_64\Media.cpp(1,1): warning C4828: 文件包含在偏移 0x41cb 处开始的字符，该字符在当前源字符集中无效(代码页 65001)。
D:\c++_learning\ffplayer\src\FFMediaPlayer_64\Media.cpp(1,1): warning C4828: 文件包含在偏移 0x41cf 处开始的字符，该字符在当前源字符集中无效(代码页 65001)。
D:\c++_learning\ffplayer\src\FFMediaPlayer_64\Media.cpp(1,1): warning C4828: 文件包含在偏移 0x41d0 处开始的字符，该字符在当前源字符集中无效(代码页 65001)。
D:\c++_learning\ffplayer\src\FFMediaPlayer_64\Media.cpp(1,1): warning C4828: 文件包含在偏移 0x4215 处开始的字符，该字符在当前源字符集中无效(代码页 65001)。
D:\c++_learning\ffplayer\src\FFMediaPlayer_64\Media.cpp(1,1): warning C4828: 文件包含在偏移 0x4216 处开始的字符，该字符在当前源字符集中无效(代码页 65001)。
D:\c++_learning\ffplayer\src\FFMediaPlayer_64\Media.cpp(1,1): warning C4828: 文件包含在偏移 0x4217 处开始的字符，该字符在当前源字符集中无效(代码页 65001)。
D:\c++_learning\ffplayer\src\FFMediaPlayer_64\Media.cpp(1,1): warning C4828: 文件包含在偏移 0x4219 处开始的字符，该字符在当前源字符集中无效(代码页 65001)。
D:\c++_learning\ffplayer\src\FFMediaPlayer_64\Media.cpp(1,1): warning C4828: 文件包含在偏移 0x421a 处开始的字符，该字符在当前源字符集中无效(代码页 65001)。
D:\c++_learning\ffplayer\src\FFMediaPlayer_64\Media.cpp(1,1): warning C4828: 文件包含在偏移 0x421b 处开始的字符，该字符在当前源字符集中无效(代码页 65001)。
D:\c++_learning\ffplayer\src\FFMediaPlayer_64\Media.cpp(1,1): warning C4828: 文件包含在偏移 0x421c 处开始的字符，该字符在当前源字符集中无效(代码页 65001)。
D:\c++_learning\ffplayer\src\FFMediaPlayer_64\Media.cpp(1,1): warning C4828: 文件包含在偏移 0x421f 处开始的字符，该字符在当前源字符集中无效(代码页 65001)。
D:\c++_learning\ffplayer\src\FFMediaPlayer_64\Media.cpp(1,1): warning C4828: 文件包含在偏移 0x4222 处开始的字符，该字符在当前源字符集中无效(代码页 65001)。
D:\c++_learning\ffplayer\src\FFMediaPlayer_64\Media.cpp(1,1): warning C4828: 文件包含在偏移 0x4227 处开始的字符，该字符在当前源字符集中无效(代码页 65001)。
D:\c++_learning\ffplayer\src\FFMediaPlayer_64\Media.cpp(1,1): warning C4828: 文件包含在偏移 0x4369 处开始的字符，该字符在当前源字符集中无效(代码页 65001)。
D:\c++_learning\ffplayer\src\FFMediaPlayer_64\Media.cpp(1,1): warning C4828: 文件包含在偏移 0x436a 处开始的字符，该字符在当前源字符集中无效(代码页 65001)。
D:\c++_learning\ffplayer\src\FFMediaPlayer_64\Media.cpp(1,1): warning C4828: 文件包含在偏移 0x436b 处开始的字符，该字符在当前源字符集中无效(代码页 65001)。
D:\c++_learning\ffplayer\src\FFMediaPlayer_64\Media.cpp(1,1): warning C4828: 文件包含在偏移 0x436d 处开始的字符，该字符在当前源字符集中无效(代码页 65001)。
D:\c++_learning\ffplayer\src\FFMediaPlayer_64\Media.cpp(1,1): warning C4828: 文件包含在偏移 0x436e 处开始的字符，该字符在当前源字符集中无效(代码页 65001)。
D:\c++_learning\ffplayer\src\FFMediaPlayer_64\Media.cpp(1,1): warning C4828: 文件包含在偏移 0x43c5 处开始的字符，该字符在当前源字符集中无效(代码页 65001)。
D:\c++_learning\ffplayer\src\FFMediaPlayer_64\Media.cpp(1,1): warning C4828: 文件包含在偏移 0x43c7 处开始的字符，该字符在当前源字符集中无效(代码页 65001)。
D:\c++_learning\ffplayer\src\FFMediaPlayer_64\Media.cpp(1,1): warning C4828: 文件包含在偏移 0x43c9 处开始的字符，该字符在当前源字符集中无效(代码页 65001)。
D:\c++_learning\ffplayer\src\FFMediaPlayer_64\Media.cpp(1,1): warning C4828: 文件包含在偏移 0x43cb 处开始的字符，该字符在当前源字符集中无效(代码页 65001)。
D:\c++_learning\ffplayer\src\FFMediaPlayer_64\Media.cpp(1,1): warning C4828: 文件包含在偏移 0x43cd 处开始的字符，该字符在当前源字符集中无效(代码页 65001)。
D:\c++_learning\ffplayer\src\FFMediaPlayer_64\Media.cpp(1,1): warning C4828: 文件包含在偏移 0x43ce 处开始的字符，该字符在当前源字符集中无效(代码页 65001)。
D:\c++_learning\ffplayer\src\FFMediaPlayer_64\Media.cpp(1,1): warning C4828: 文件包含在偏移 0x43cf 处开始的字符，该字符在当前源字符集中无效(代码页 65001)。
D:\c++_learning\ffplayer\src\FFMediaPlayer_64\Media.cpp(1,1): warning C4828: 文件包含在偏移 0x43d3 处开始的字符，该字符在当前源字符集中无效(代码页 65001)。
D:\c++_learning\ffplayer\src\FFMediaPlayer_64\Media.cpp(1,1): warning C4828: 文件包含在偏移 0x43d4 处开始的字符，该字符在当前源字符集中无效(代码页 65001)。
D:\c++_learning\ffplayer\src\FFMediaPlayer_64\Media.cpp(1,1): warning C4828: 文件包含在偏移 0x43d5 处开始的字符，该字符在当前源字符集中无效(代码页 65001)。
D:\c++_learning\ffplayer\src\FFMediaPlayer_64\Media.cpp(1,1): warning C4828: 文件包含在偏移 0x43d6 处开始的字符，该字符在当前源字符集中无效(代码页 65001)。
D:\c++_learning\ffplayer\src\FFMediaPlayer_64\Media.cpp(1,1): warning C4828: 文件包含在偏移 0x43d7 处开始的字符，该字符在当前源字符集中无效(代码页 65001)。
D:\c++_learning\ffplayer\src\FFMediaPlayer_64\Media.cpp(1,1): warning C4828: 文件包含在偏移 0x43d9 处开始的字符，该字符在当前源字符集中无效(代码页 65001)。
D:\c++_learning\ffplayer\src\FFMediaPlayer_64\Media.cpp(1,1): warning C4828: 文件包含在偏移 0x43db 处开始的字符，该字符在当前源字符集中无效(代码页 65001)。
D:\c++_learning\ffplayer\src\FFMediaPlayer_64\Media.cpp(1,1): warning C4828: 文件包含在偏移 0x43dc 处开始的字符，该字符在当前源字符集中无效(代码页 65001)。
D:\c++_learning\ffplayer\src\FFMediaPlayer_64\Media.cpp(1,1): warning C4828: 文件包含在偏移 0x43dd 处开始的字符，该字符在当前源字符集中无效(代码页 65001)。
D:\c++_learning\ffplayer\src\FFMediaPlayer_64\Media.cpp(1,1): warning C4828: 文件包含在偏移 0x43de 处开始的字符，该字符在当前源字符集中无效(代码页 65001)。
D:\c++_learning\ffplayer\src\FFMediaPlayer_64\Media.cpp(1,1): warning C4828: 文件包含在偏移 0x43e3 处开始的字符，该字符在当前源字符集中无效(代码页 65001)。
D:\c++_learning\ffplayer\src\FFMediaPlayer_64\Media.cpp(1,1): warning C4828: 文件包含在偏移 0x43e4 处开始的字符，该字符在当前源字符集中无效(代码页 65001)。
D:\c++_learning\ffplayer\src\FFMediaPlayer_64\Media.cpp(1,1): warning C4828: 文件包含在偏移 0x4405 处开始的字符，该字符在当前源字符集中无效(代码页 65001)。
D:\c++_learning\ffplayer\src\FFMediaPlayer_64\Media.cpp(1,1): warning C4828: 文件包含在偏移 0x4406 处开始的字符，该字符在当前源字符集中无效(代码页 65001)。
D:\c++_learning\ffplayer\src\FFMediaPlayer_64\Media.cpp(1,1): warning C4828: 文件包含在偏移 0x4408 处开始的字符，该字符在当前源字符集中无效(代码页 65001)。
D:\c++_learning\ffplayer\src\FFMediaPlayer_64\Media.cpp(1,1): warning C4828: 文件包含在偏移 0x440e 处开始的字符，该字符在当前源字符集中无效(代码页 65001)。
D:\c++_learning\ffplayer\src\FFMediaPlayer_64\Media.cpp(1,1): warning C4828: 文件包含在偏移 0x4412 处开始的字符，该字符在当前源字符集中无效(代码页 65001)。
D:\c++_learning\ffplayer\src\FFMediaPlayer_64\Media.cpp(1,1): warning C4828: 文件包含在偏移 0x4415 处开始的字符，该字符在当前源字符集中无效(代码页 65001)。
D:\c++_learning\ffplayer\src\FFMediaPlayer_64\Media.cpp(1,1): warning C4828: 文件包含在偏移 0x4417 处开始的字符，该字符在当前源字符集中无效(代码页 65001)。
D:\c++_learning\ffplayer\src\FFMediaPlayer_64\Media.cpp(1,1): warning C4828: 文件包含在偏移 0x4418 处开始的字符，该字符在当前源字符集中无效(代码页 65001)。
D:\c++_learning\ffplayer\src\FFMediaPlayer_64\Media.cpp(1,1): warning C4828: 文件包含在偏移 0x4419 处开始的字符，该字符在当前源字符集中无效(代码页 65001)。
D:\c++_learning\ffplayer\src\FFMediaPlayer_64\Media.cpp(1,1): warning C4828: 文件包含在偏移 0x441b 处开始的字符，该字符在当前源字符集中无效(代码页 65001)。
D:\c++_learning\ffplayer\src\FFMediaPlayer_64\Media.cpp(1,1): warning C4828: 文件包含在偏移 0x441c 处开始的字符，该字符在当前源字符集中无效(代码页 65001)。
D:\c++_learning\ffplayer\src\FFMediaPlayer_64\Media.cpp(1,1): warning C4828: 文件包含在偏移 0x4445 处开始的字符，该字符在当前源字符集中无效(代码页 65001)。
D:\c++_learning\ffplayer\src\FFMediaPlayer_64\Media.cpp(1,1): warning C4828: 文件包含在偏移 0x4449 处开始的字符，该字符在当前源字符集中无效(代码页 65001)。
D:\c++_learning\ffplayer\src\FFMediaPlayer_64\Media.cpp(1,1): warning C4828: 文件包含在偏移 0x444b 处开始的字符，该字符在当前源字符集中无效(代码页 65001)。
D:\c++_learning\ffplayer\src\FFMediaPlayer_64\Media.cpp(1,1): warning C4828: 文件包含在偏移 0x444c 处开始的字符，该字符在当前源字符集中无效(代码页 65001)。
D:\c++_learning\ffplayer\src\FFMediaPlayer_64\Media.cpp(1,1): warning C4828: 文件包含在偏移 0x444e 处开始的字符，该字符在当前源字符集中无效(代码页 65001)。
D:\c++_learning\ffplayer\src\FFMediaPlayer_64\Media.cpp(1,1): warning C4828: 文件包含在偏移 0x4451 处开始的字符，该字符在当前源字符集中无效(代码页 65001)。
D:\c++_learning\ffplayer\src\FFMediaPlayer_64\Media.cpp(1,1): warning C4828: 文件包含在偏移 0x4454 处开始的字符，该字符在当前源字符集中无效(代码页 65001)。
D:\c++_learning\ffplayer\src\FFMediaPlayer_64\Media.cpp(1,1): warning C4828: 文件包含在偏移 0x4458 处开始的字符，该字符在当前源字符集中无效(代码页 65001)。
D:\c++_learning\ffplayer\src\FFMediaPlayer_64\Media.cpp(1,1): warning C4828: 文件包含在偏移 0x4488 处开始的字符，该字符在当前源字符集中无效(代码页 65001)。
D:\c++_learning\ffplayer\src\FFMediaPlayer_64\Media.cpp(1,1): warning C4828: 文件包含在偏移 0x448b 处开始的字符，该字符在当前源字符集中无效(代码页 65001)。
D:\c++_learning\ffplayer\src\FFMediaPlayer_64\Media.cpp(1,1): warning C4828: 文件包含在偏移 0x448f 处开始的字符，该字符在当前源字符集中无效(代码页 65001)。
D:\c++_learning\ffplayer\src\FFMediaPlayer_64\Media.cpp(1,1): warning C4828: 文件包含在偏移 0x4490 处开始的字符，该字符在当前源字符集中无效(代码页 65001)。
D:\c++_learning\ffplayer\src\FFMediaPlayer_64\Media.cpp(1,1): warning C4828: 文件包含在偏移 0x4492 处开始的字符，该字符在当前源字符集中无效(代码页 65001)。
D:\c++_learning\ffplayer\src\FFMediaPlayer_64\Media.cpp(1,1): warning C4828: 文件包含在偏移 0x4495 处开始的字符，该字符在当前源字符集中无效(代码页 65001)。
D:\c++_learning\ffplayer\src\FFMediaPlayer_64\Media.cpp(1,1): warning C4828: 文件包含在偏移 0x449a 处开始的字符，该字符在当前源字符集中无效(代码页 65001)。
D:\c++_learning\ffplayer\src\FFMediaPlayer_64\Media.cpp(1,1): warning C4828: 文件包含在偏移 0x449c 处开始的字符，该字符在当前源字符集中无效(代码页 65001)。
D:\c++_learning\ffplayer\src\FFMediaPlayer_64\Media.cpp(1,1): warning C4828: 文件包含在偏移 0x449d 处开始的字符，该字符在当前源字符集中无效(代码页 65001)。
D:\c++_learning\ffplayer\src\FFMediaPlayer_64\Media.cpp(1,1): warning C4828: 文件包含在偏移 0x45b7 处开始的字符，该字符在当前源字符集中无效(代码页 65001)。
D:\c++_learning\ffplayer\src\FFMediaPlayer_64\Media.cpp(1,1): warning C4828: 文件包含在偏移 0x45b8 处开始的字符，该字符在当前源字符集中无效(代码页 65001)。
D:\c++_learning\ffplayer\src\FFMediaPlayer_64\Media.cpp(1,1): warning C4828: 文件包含在偏移 0x45b9 处开始的字符，该字符在当前源字符集中无效(代码页 65001)。
D:\c++_learning\ffplayer\src\FFMediaPlayer_64\Media.cpp(1,1): warning C4828: 文件包含在偏移 0x45bb 处开始的字符，该字符在当前源字符集中无效(代码页 65001)。
D:\c++_learning\ffplayer\src\FFMediaPlayer_64\Media.cpp(1,1): warning C4828: 文件包含在偏移 0x45bd 处开始的字符，该字符在当前源字符集中无效(代码页 65001)。
D:\c++_learning\ffplayer\src\FFMediaPlayer_64\Media.cpp(1,1): warning C4828: 文件包含在偏移 0x45bf 处开始的字符，该字符在当前源字符集中无效(代码页 65001)。
D:\c++_learning\ffplayer\src\FFMediaPlayer_64\Media.cpp(1,1): warning C4828: 文件包含在偏移 0x45c1 处开始的字符，该字符在当前源字符集中无效(代码页 65001)。
D:\c++_learning\ffplayer\src\FFMediaPlayer_64\Media.cpp(1,1): warning C4828: 文件包含在偏移 0x45c3 处开始的字符，该字符在当前源字符集中无效(代码页 65001)。
D:\c++_learning\ffplayer\src\FFMediaPlayer_64\Media.cpp(1,1): warning C4828: 文件包含在偏移 0x45c4 处开始的字符，该字符在当前源字符集中无效(代码页 65001)。
D:\c++_learning\ffplayer\src\FFMediaPlayer_64\Media.cpp(1,1): warning C4828: 文件包含在偏移 0x45c7 处开始的字符，该字符在当前源字符集中无效(代码页 65001)。
D:\c++_learning\ffplayer\src\FFMediaPlayer_64\Media.cpp(1,1): warning C4828: 文件包含在偏移 0x45c8 处开始的字符，该字符在当前源字符集中无效(代码页 65001)。
D:\c++_learning\ffplayer\src\FFMediaPlayer_64\Media.cpp(1,1): warning C4828: 文件包含在偏移 0x45c9 处开始的字符，该字符在当前源字符集中无效(代码页 65001)。
D:\c++_learning\ffplayer\src\FFMediaPlayer_64\Media.cpp(1,1): warning C4828: 文件包含在偏移 0x45ca 处开始的字符，该字符在当前源字符集中无效(代码页 65001)。
D:\c++_learning\ffplayer\src\FFMediaPlayer_64\Media.cpp(1,1): warning C4828: 文件包含在偏移 0x45ce 处开始的字符，该字符在当前源字符集中无效(代码页 65001)。
D:\c++_learning\ffplayer\src\FFMediaPlayer_64\Media.cpp(1,1): warning C4828: 文件包含在偏移 0x45cf 处开始的字符，该字符在当前源字符集中无效(代码页 65001)。
D:\c++_learning\ffplayer\src\FFMediaPlayer_64\Media.cpp(1,1): warning C4828: 文件包含在偏移 0x45d0 处开始的字符，该字符在当前源字符集中无效(代码页 65001)。
D:\c++_learning\ffplayer\src\FFMediaPlayer_64\Media.cpp(1,1): warning C4828: 文件包含在偏移 0x4e44 处开始的字符，该字符在当前源字符集中无效(代码页 65001)。
D:\c++_learning\ffplayer\src\FFMediaPlayer_64\Media.cpp(1,1): warning C4828: 文件包含在偏移 0x4e46 处开始的字符，该字符在当前源字符集中无效(代码页 65001)。
D:\c++_learning\ffplayer\src\FFMediaPlayer_64\Media.cpp(1,1): warning C4828: 文件包含在偏移 0x4e47 处开始的字符，该字符在当前源字符集中无效(代码页 65001)。
D:\c++_learning\ffplayer\src\FFMediaPlayer_64\Media.cpp(1,1): warning C4828: 文件包含在偏移 0x4e4c 处开始的字符，该字符在当前源字符集中无效(代码页 65001)。
D:\c++_learning\ffplayer\src\FFMediaPlayer_64\Media.cpp(1,1): warning C4828: 文件包含在偏移 0x4e4d 处开始的字符，该字符在当前源字符集中无效(代码页 65001)。
D:\c++_learning\ffplayer\src\FFMediaPlayer_64\Media.cpp(1,1): warning C4828: 文件包含在偏移 0x4e4f 处开始的字符，该字符在当前源字符集中无效(代码页 65001)。
D:\c++_learning\ffplayer\src\FFMediaPlayer_64\Media.cpp(1,1): warning C4828: 文件包含在偏移 0x4e50 处开始的字符，该字符在当前源字符集中无效(代码页 65001)。
D:\c++_learning\ffplayer\src\FFMediaPlayer_64\Media.cpp(1,1): warning C4828: 文件包含在偏移 0x4e83 处开始的字符，该字符在当前源字符集中无效(代码页 65001)。
D:\c++_learning\ffplayer\src\FFMediaPlayer_64\Media.cpp(1,1): warning C4828: 文件包含在偏移 0x4e85 处开始的字符，该字符在当前源字符集中无效(代码页 65001)。
D:\c++_learning\ffplayer\src\FFMediaPlayer_64\Media.cpp(1,1): warning C4828: 文件包含在偏移 0x4e86 处开始的字符，该字符在当前源字符集中无效(代码页 65001)。
D:\c++_learning\ffplayer\src\FFMediaPlayer_64\Media.cpp(1,1): warning C4828: 文件包含在偏移 0x4e8b 处开始的字符，该字符在当前源字符集中无效(代码页 65001)。
D:\c++_learning\ffplayer\src\FFMediaPlayer_64\Media.cpp(1,1): warning C4828: 文件包含在偏移 0x4e8e 处开始的字符，该字符在当前源字符集中无效(代码页 65001)。
D:\c++_learning\ffplayer\src\FFMediaPlayer_64\Media.cpp(1,1): warning C4828: 文件包含在偏移 0x4e8f 处开始的字符，该字符在当前源字符集中无效(代码页 65001)。
D:\c++_learning\ffplayer\src\FFMediaPlayer_64\Media.cpp(1,1): warning C4828: 文件包含在偏移 0x4e92 处开始的字符，该字符在当前源字符集中无效(代码页 65001)。
D:\c++_learning\ffplayer\src\FFMediaPlayer_64\Media.cpp(1,1): warning C4828: 文件包含在偏移 0x4edd 处开始的字符，该字符在当前源字符集中无效(代码页 65001)。
D:\c++_learning\ffplayer\src\FFMediaPlayer_64\Media.cpp(1,1): warning C4828: 文件包含在偏移 0x4edf 处开始的字符，该字符在当前源字符集中无效(代码页 65001)。
D:\c++_learning\ffplayer\src\FFMediaPlayer_64\Media.cpp(1,1): warning C4828: 文件包含在偏移 0x4ee0 处开始的字符，该字符在当前源字符集中无效(代码页 65001)。
D:\c++_learning\ffplayer\src\FFMediaPlayer_64\Media.cpp(1,1): warning C4828: 文件包含在偏移 0x4ee2 处开始的字符，该字符在当前源字符集中无效(代码页 65001)。
D:\c++_learning\ffplayer\src\FFMediaPlayer_64\Media.cpp(1,1): warning C4828: 文件包含在偏移 0x4ee4 处开始的字符，该字符在当前源字符集中无效(代码页 65001)。
D:\c++_learning\ffplayer\src\FFMediaPlayer_64\Media.cpp(1,1): warning C4828: 文件包含在偏移 0x4ee5 处开始的字符，该字符在当前源字符集中无效(代码页 65001)。
D:\c++_learning\ffplayer\src\FFMediaPlayer_64\Media.cpp(1,1): warning C4828: 文件包含在偏移 0x4f14 处开始的字符，该字符在当前源字符集中无效(代码页 65001)。
D:\c++_learning\ffplayer\src\FFMediaPlayer_64\Media.cpp(1,1): warning C4828: 文件包含在偏移 0x4f15 处开始的字符，该字符在当前源字符集中无效(代码页 65001)。
D:\c++_learning\ffplayer\src\FFMediaPlayer_64\Media.cpp(1,1): warning C4828: 文件包含在偏移 0x4f16 处开始的字符，该字符在当前源字符集中无效(代码页 65001)。
D:\c++_learning\ffplayer\src\FFMediaPlayer_64\Media.cpp(1,1): warning C4828: 文件包含在偏移 0x4f18 处开始的字符，该字符在当前源字符集中无效(代码页 65001)。
D:\c++_learning\ffplayer\src\FFMediaPlayer_64\Media.cpp(1,1): warning C4828: 文件包含在偏移 0x4f19 处开始的字符，该字符在当前源字符集中无效(代码页 65001)。
D:\c++_learning\ffplayer\src\FFMediaPlayer_64\Media.cpp(1,1): warning C4828: 文件包含在偏移 0x4f1c 处开始的字符，该字符在当前源字符集中无效(代码页 65001)。
D:\c++_learning\ffplayer\src\FFMediaPlayer_64\Media.cpp(1,1): warning C4828: 文件包含在偏移 0x4f1e 处开始的字符，该字符在当前源字符集中无效(代码页 65001)。
D:\c++_learning\ffplayer\src\FFMediaPlayer_64\Media.cpp(1,1): warning C4828: 文件包含在偏移 0x4f21 处开始的字符，该字符在当前源字符集中无效(代码页 65001)。
D:\c++_learning\ffplayer\src\FFMediaPlayer_64\Media.cpp(1,1): warning C4828: 文件包含在偏移 0x4f22 处开始的字符，该字符在当前源字符集中无效(代码页 65001)。
D:\c++_learning\ffplayer\src\FFMediaPlayer_64\Media.cpp(1,1): warning C4828: 文件包含在偏移 0x4f23 处开始的字符，该字符在当前源字符集中无效(代码页 65001)。
D:\c++_learning\ffplayer\src\FFMediaPlayer_64\Media.cpp(1,1): warning C4828: 文件包含在偏移 0x4f24 处开始的字符，该字符在当前源字符集中无效(代码页 65001)。
D:\c++_learning\ffplayer\src\FFMediaPlayer_64\Media.cpp(1,1): warning C4828: 文件包含在偏移 0x4f25 处开始的字符，该字符在当前源字符集中无效(代码页 65001)。
D:\c++_learning\ffplayer\src\FFMediaPlayer_64\Media.cpp(1,1): warning C4828: 文件包含在偏移 0x4f26 处开始的字符，该字符在当前源字符集中无效(代码页 65001)。
D:\c++_learning\ffplayer\src\FFMediaPlayer_64\Media.cpp(1,1): warning C4828: 文件包含在偏移 0x4f29 处开始的字符，该字符在当前源字符集中无效(代码页 65001)。
D:\c++_learning\ffplayer\src\FFMediaPlayer_64\Media.cpp(1,1): warning C4828: 文件包含在偏移 0x4f2a 处开始的字符，该字符在当前源字符集中无效(代码页 65001)。
D:\c++_learning\ffplayer\src\FFMediaPlayer_64\Media.cpp(1,1): warning C4828: 文件包含在偏移 0x4f6e 处开始的字符，该字符在当前源字符集中无效(代码页 65001)。
D:\c++_learning\ffplayer\src\FFMediaPlayer_64\Media.cpp(1,1): warning C4828: 文件包含在偏移 0x50a6 处开始的字符，该字符在当前源字符集中无效(代码页 65001)。
D:\c++_learning\ffplayer\src\FFMediaPlayer_64\Media.cpp(1,1): warning C4828: 文件包含在偏移 0x50a7 处开始的字符，该字符在当前源字符集中无效(代码页 65001)。
D:\c++_learning\ffplayer\src\FFMediaPlayer_64\Media.cpp(1,1): warning C4828: 文件包含在偏移 0x50ae 处开始的字符，该字符在当前源字符集中无效(代码页 65001)。
D:\c++_learning\ffplayer\src\FFMediaPlayer_64\Media.cpp(1,1): warning C4828: 文件包含在偏移 0x50af 处开始的字符，该字符在当前源字符集中无效(代码页 65001)。
D:\c++_learning\ffplayer\src\FFMediaPlayer_64\Media.cpp(1,1): warning C4828: 文件包含在偏移 0x50b4 处开始的字符，该字符在当前源字符集中无效(代码页 65001)。
D:\c++_learning\ffplayer\src\FFMediaPlayer_64\Media.cpp(1,1): warning C4828: 文件包含在偏移 0x50b5 处开始的字符，该字符在当前源字符集中无效(代码页 65001)。
D:\c++_learning\ffplayer\src\FFMediaPlayer_64\Media.cpp(1,1): warning C4828: 文件包含在偏移 0x511f 处开始的字符，该字符在当前源字符集中无效(代码页 65001)。
D:\c++_learning\ffplayer\src\FFMediaPlayer_64\Media.cpp(1,1): warning C4828: 文件包含在偏移 0x5120 处开始的字符，该字符在当前源字符集中无效(代码页 65001)。
D:\c++_learning\ffplayer\src\FFMediaPlayer_64\Media.cpp(1,1): warning C4828: 文件包含在偏移 0x5121 处开始的字符，该字符在当前源字符集中无效(代码页 65001)。
D:\c++_learning\ffplayer\src\FFMediaPlayer_64\Media.cpp(1,1): warning C4828: 文件包含在偏移 0x5124 处开始的字符，该字符在当前源字符集中无效(代码页 65001)。
D:\c++_learning\ffplayer\src\FFMediaPlayer_64\Media.cpp(1,1): warning C4828: 文件包含在偏移 0x5125 处开始的字符，该字符在当前源字符集中无效(代码页 65001)。
D:\c++_learning\ffplayer\src\FFMediaPlayer_64\Media.cpp(1,1): warning C4828: 文件包含在偏移 0x5126 处开始的字符，该字符在当前源字符集中无效(代码页 65001)。
D:\c++_learning\ffplayer\src\FFMediaPlayer_64\Media.cpp(1,1): warning C4828: 文件包含在偏移 0x5129 处开始的字符，该字符在当前源字符集中无效(代码页 65001)。
D:\c++_learning\ffplayer\src\FFMediaPlayer_64\Media.cpp(1,1): warning C4828: 文件包含在偏移 0x512b 处开始的字符，该字符在当前源字符集中无效(代码页 65001)。
D:\c++_learning\ffplayer\src\FFMediaPlayer_64\Media.cpp(1,1): warning C4828: 文件包含在偏移 0x512d 处开始的字符，该字符在当前源字符集中无效(代码页 65001)。
D:\c++_learning\ffplayer\src\FFMediaPlayer_64\Media.cpp(1,1): warning C4828: 文件包含在偏移 0x5130 处开始的字符，该字符在当前源字符集中无效(代码页 65001)。
D:\c++_learning\ffplayer\src\FFMediaPlayer_64\Media.cpp(1,1): warning C4828: 文件包含在偏移 0x5132 处开始的字符，该字符在当前源字符集中无效(代码页 65001)。
D:\c++_learning\ffplayer\src\FFMediaPlayer_64\Media.cpp(1,1): warning C4828: 文件包含在偏移 0x5133 处开始的字符，该字符在当前源字符集中无效(代码页 65001)。
D:\c++_learning\ffplayer\src\FFMediaPlayer_64\Media.cpp(1,1): warning C4828: 文件包含在偏移 0x5134 处开始的字符，该字符在当前源字符集中无效(代码页 65001)。
D:\c++_learning\ffplayer\src\FFMediaPlayer_64\Media.cpp(1,1): warning C4828: 文件包含在偏移 0x5137 处开始的字符，该字符在当前源字符集中无效(代码页 65001)。
D:\c++_learning\ffplayer\src\FFMediaPlayer_64\Media.cpp(1,1): warning C4828: 文件包含在偏移 0x5139 处开始的字符，该字符在当前源字符集中无效(代码页 65001)。
D:\c++_learning\ffplayer\src\FFMediaPlayer_64\Media.cpp(1,1): warning C4828: 文件包含在偏移 0x513a 处开始的字符，该字符在当前源字符集中无效(代码页 65001)。
D:\c++_learning\ffplayer\src\FFMediaPlayer_64\Media.cpp(1,1): warning C4828: 文件包含在偏移 0x51b8 处开始的字符，该字符在当前源字符集中无效(代码页 65001)。
D:\c++_learning\ffplayer\src\FFMediaPlayer_64\Media.cpp(1,1): warning C4828: 文件包含在偏移 0x51b9 处开始的字符，该字符在当前源字符集中无效(代码页 65001)。
D:\c++_learning\ffplayer\src\FFMediaPlayer_64\Media.cpp(1,1): warning C4828: 文件包含在偏移 0x51ba 处开始的字符，该字符在当前源字符集中无效(代码页 65001)。
D:\c++_learning\ffplayer\src\FFMediaPlayer_64\Media.cpp(1,1): warning C4828: 文件包含在偏移 0x51bd 处开始的字符，该字符在当前源字符集中无效(代码页 65001)。
D:\c++_learning\ffplayer\src\FFMediaPlayer_64\Media.cpp(1,1): warning C4828: 文件包含在偏移 0x51be 处开始的字符，该字符在当前源字符集中无效(代码页 65001)。
D:\c++_learning\ffplayer\src\FFMediaPlayer_64\Media.cpp(1,1): warning C4828: 文件包含在偏移 0x51bf 处开始的字符，该字符在当前源字符集中无效(代码页 65001)。
D:\c++_learning\ffplayer\src\FFMediaPlayer_64\Media.cpp(1,1): warning C4828: 文件包含在偏移 0x51c1 处开始的字符，该字符在当前源字符集中无效(代码页 65001)。
D:\c++_learning\ffplayer\src\FFMediaPlayer_64\Media.cpp(1,1): warning C4828: 文件包含在偏移 0x51c2 处开始的字符，该字符在当前源字符集中无效(代码页 65001)。
D:\c++_learning\ffplayer\src\FFMediaPlayer_64\Media.cpp(1,1): warning C4828: 文件包含在偏移 0x51c4 处开始的字符，该字符在当前源字符集中无效(代码页 65001)。
D:\c++_learning\ffplayer\src\FFMediaPlayer_64\Media.cpp(1,1): warning C4828: 文件包含在偏移 0x51c6 处开始的字符，该字符在当前源字符集中无效(代码页 65001)。
D:\c++_learning\ffplayer\src\FFMediaPlayer_64\Media.cpp(1,1): warning C4828: 文件包含在偏移 0x51c7 处开始的字符，该字符在当前源字符集中无效(代码页 65001)。
D:\c++_learning\ffplayer\src\FFMediaPlayer_64\Media.cpp(1,1): warning C4828: 文件包含在偏移 0x51cc 处开始的字符，该字符在当前源字符集中无效(代码页 65001)。
D:\c++_learning\ffplayer\src\FFMediaPlayer_64\Media.cpp(1,1): warning C4828: 文件包含在偏移 0x51cd 处开始的字符，该字符在当前源字符集中无效(代码页 65001)。
D:\c++_learning\ffplayer\src\FFMediaPlayer_64\Media.cpp(1,1): warning C4828: 文件包含在偏移 0x51d0 处开始的字符，该字符在当前源字符集中无效(代码页 65001)。
D:\c++_learning\ffplayer\src\FFMediaPlayer_64\Media.cpp(1,1): warning C4828: 文件包含在偏移 0x51d2 处开始的字符，该字符在当前源字符集中无效(代码页 65001)。
D:\c++_learning\ffplayer\src\FFMediaPlayer_64\Media.cpp(1,1): warning C4828: 文件包含在偏移 0x51d3 处开始的字符，该字符在当前源字符集中无效(代码页 65001)。
D:\c++_learning\ffplayer\src\FFMediaPlayer_64\Media.cpp(1,1): warning C4828: 文件包含在偏移 0x548f 处开始的字符，该字符在当前源字符集中无效(代码页 65001)。
D:\c++_learning\ffplayer\src\FFMediaPlayer_64\Media.cpp(1,1): warning C4828: 文件包含在偏移 0x5491 处开始的字符，该字符在当前源字符集中无效(代码页 65001)。
D:\c++_learning\ffplayer\src\FFMediaPlayer_64\Media.cpp(1,1): warning C4828: 文件包含在偏移 0x5492 处开始的字符，该字符在当前源字符集中无效(代码页 65001)。
D:\c++_learning\ffplayer\src\FFMediaPlayer_64\Media.cpp(1,1): warning C4828: 文件包含在偏移 0x5497 处开始的字符，该字符在当前源字符集中无效(代码页 65001)。
D:\c++_learning\ffplayer\src\FFMediaPlayer_64\Media.cpp(1,1): warning C4828: 文件包含在偏移 0x5498 处开始的字符，该字符在当前源字符集中无效(代码页 65001)。
D:\c++_learning\ffplayer\src\FFMediaPlayer_64\Media.cpp(1,1): warning C4828: 文件包含在偏移 0x549a 处开始的字符，该字符在当前源字符集中无效(代码页 65001)。
D:\c++_learning\ffplayer\src\FFMediaPlayer_64\Media.cpp(1,1): warning C4828: 文件包含在偏移 0x549b 处开始的字符，该字符在当前源字符集中无效(代码页 65001)。
D:\c++_learning\ffplayer\src\FFMediaPlayer_64\Media.cpp(1,1): warning C4828: 文件包含在偏移 0x54fb 处开始的字符，该字符在当前源字符集中无效(代码页 65001)。
D:\c++_learning\ffplayer\src\FFMediaPlayer_64\Media.cpp(1,1): warning C4828: 文件包含在偏移 0x54fe 处开始的字符，该字符在当前源字符集中无效(代码页 65001)。
D:\c++_learning\ffplayer\src\FFMediaPlayer_64\Media.cpp(1,1): warning C4828: 文件包含在偏移 0x54ff 处开始的字符，该字符在当前源字符集中无效(代码页 65001)。
D:\c++_learning\ffplayer\src\FFMediaPlayer_64\Media.cpp(1,1): warning C4828: 文件包含在偏移 0x5502 处开始的字符，该字符在当前源字符集中无效(代码页 65001)。
D:\c++_learning\ffplayer\src\FFMediaPlayer_64\Media.cpp(1,1): warning C4828: 文件包含在偏移 0x5505 处开始的字符，该字符在当前源字符集中无效(代码页 65001)。
D:\c++_learning\ffplayer\src\FFMediaPlayer_64\Media.cpp(1,1): warning C4828: 文件包含在偏移 0x5506 处开始的字符，该字符在当前源字符集中无效(代码页 65001)。
D:\c++_learning\ffplayer\src\FFMediaPlayer_64\Media.cpp(1,1): warning C4828: 文件包含在偏移 0x5507 处开始的字符，该字符在当前源字符集中无效(代码页 65001)。
D:\c++_learning\ffplayer\src\FFMediaPlayer_64\Media.cpp(1,1): warning C4828: 文件包含在偏移 0x5508 处开始的字符，该字符在当前源字符集中无效(代码页 65001)。
D:\c++_learning\ffplayer\src\FFMediaPlayer_64\Media.cpp(1,1): warning C4828: 文件包含在偏移 0x550a 处开始的字符，该字符在当前源字符集中无效(代码页 65001)。
D:\c++_learning\ffplayer\src\FFMediaPlayer_64\Media.cpp(1,1): warning C4828: 文件包含在偏移 0x5531 处开始的字符，该字符在当前源字符集中无效(代码页 65001)。
D:\c++_learning\ffplayer\src\FFMediaPlayer_64\Media.cpp(1,1): warning C4828: 文件包含在偏移 0x5533 处开始的字符，该字符在当前源字符集中无效(代码页 65001)。
D:\c++_learning\ffplayer\src\FFMediaPlayer_64\Media.cpp(1,1): warning C4828: 文件包含在偏移 0x5534 处开始的字符，该字符在当前源字符集中无效(代码页 65001)。
D:\c++_learning\ffplayer\src\FFMediaPlayer_64\Media.cpp(1,1): warning C4828: 文件包含在偏移 0x5536 处开始的字符，该字符在当前源字符集中无效(代码页 65001)。
D:\c++_learning\ffplayer\src\FFMediaPlayer_64\Media.cpp(1,1): warning C4828: 文件包含在偏移 0x5538 处开始的字符，该字符在当前源字符集中无效(代码页 65001)。
D:\c++_learning\ffplayer\src\FFMediaPlayer_64\Media.cpp(1,1): warning C4828: 文件包含在偏移 0x5539 处开始的字符，该字符在当前源字符集中无效(代码页 65001)。
D:\c++_learning\ffplayer\src\FFMediaPlayer_64\Media.cpp(1,1): warning C4828: 文件包含在偏移 0x5564 处开始的字符，该字符在当前源字符集中无效(代码页 65001)。
D:\c++_learning\ffplayer\src\FFMediaPlayer_64\Media.cpp(1,1): warning C4828: 文件包含在偏移 0x5565 处开始的字符，该字符在当前源字符集中无效(代码页 65001)。
D:\c++_learning\ffplayer\src\FFMediaPlayer_64\Media.cpp(1,1): warning C4828: 文件包含在偏移 0x5566 处开始的字符，该字符在当前源字符集中无效(代码页 65001)。
D:\c++_learning\ffplayer\src\FFMediaPlayer_64\Media.cpp(1,1): warning C4828: 文件包含在偏移 0x5568 处开始的字符，该字符在当前源字符集中无效(代码页 65001)。
D:\c++_learning\ffplayer\src\FFMediaPlayer_64\Media.cpp(1,1): warning C4828: 文件包含在偏移 0x5569 处开始的字符，该字符在当前源字符集中无效(代码页 65001)。
D:\c++_learning\ffplayer\src\FFMediaPlayer_64\Media.cpp(1,1): warning C4828: 文件包含在偏移 0x556c 处开始的字符，该字符在当前源字符集中无效(代码页 65001)。
D:\c++_learning\ffplayer\src\FFMediaPlayer_64\Media.cpp(1,1): warning C4828: 文件包含在偏移 0x556e 处开始的字符，该字符在当前源字符集中无效(代码页 65001)。
D:\c++_learning\ffplayer\src\FFMediaPlayer_64\Media.cpp(1,1): warning C4828: 文件包含在偏移 0x5571 处开始的字符，该字符在当前源字符集中无效(代码页 65001)。
D:\c++_learning\ffplayer\src\FFMediaPlayer_64\Media.cpp(1,1): warning C4828: 文件包含在偏移 0x5572 处开始的字符，该字符在当前源字符集中无效(代码页 65001)。
D:\c++_learning\ffplayer\src\FFMediaPlayer_64\Media.cpp(1,1): warning C4828: 文件包含在偏移 0x5573 处开始的字符，该字符在当前源字符集中无效(代码页 65001)。
D:\c++_learning\ffplayer\src\FFMediaPlayer_64\Media.cpp(1,1): warning C4828: 文件包含在偏移 0x5574 处开始的字符，该字符在当前源字符集中无效(代码页 65001)。
D:\c++_learning\ffplayer\src\FFMediaPlayer_64\Media.cpp(1,1): warning C4828: 文件包含在偏移 0x5575 处开始的字符，该字符在当前源字符集中无效(代码页 65001)。
D:\c++_learning\ffplayer\src\FFMediaPlayer_64\Media.cpp(1,1): warning C4828: 文件包含在偏移 0x5576 处开始的字符，该字符在当前源字符集中无效(代码页 65001)。
D:\c++_learning\ffplayer\src\FFMediaPlayer_64\Media.cpp(1,1): warning C4828: 文件包含在偏移 0x5579 处开始的字符，该字符在当前源字符集中无效(代码页 65001)。
D:\c++_learning\ffplayer\src\FFMediaPlayer_64\Media.cpp(1,1): warning C4828: 文件包含在偏移 0x557a 处开始的字符，该字符在当前源字符集中无效(代码页 65001)。
D:\c++_learning\ffplayer\src\FFMediaPlayer_64\Media.cpp(1,1): warning C4828: 文件包含在偏移 0x55ba 处开始的字符，该字符在当前源字符集中无效(代码页 65001)。
D:\c++_learning\ffplayer\src\FFMediaPlayer_64\Media.cpp(1,1): warning C4828: 文件包含在偏移 0x5bdb 处开始的字符，该字符在当前源字符集中无效(代码页 65001)。
D:\c++_learning\ffplayer\src\FFMediaPlayer_64\Media.cpp(1,1): warning C4828: 文件包含在偏移 0x5bdc 处开始的字符，该字符在当前源字符集中无效(代码页 65001)。
D:\c++_learning\ffplayer\src\FFMediaPlayer_64\Media.cpp(1,1): warning C4828: 文件包含在偏移 0x5bdd 处开始的字符，该字符在当前源字符集中无效(代码页 65001)。
D:\c++_learning\ffplayer\src\FFMediaPlayer_64\Media.cpp(1,1): warning C4828: 文件包含在偏移 0x5be3 处开始的字符，该字符在当前源字符集中无效(代码页 65001)。
D:\c++_learning\ffplayer\src\FFMediaPlayer_64\Media.cpp(1,1): warning C4828: 文件包含在偏移 0x5be5 处开始的字符，该字符在当前源字符集中无效(代码页 65001)。
D:\c++_learning\ffplayer\src\FFMediaPlayer_64\Media.cpp(1,1): warning C4828: 文件包含在偏移 0x5be6 处开始的字符，该字符在当前源字符集中无效(代码页 65001)。
D:\c++_learning\ffplayer\src\FFMediaPlayer_64\Media.cpp(1,1): warning C4828: 文件包含在偏移 0x5be8 处开始的字符，该字符在当前源字符集中无效(代码页 65001)。
D:\c++_learning\ffplayer\src\FFMediaPlayer_64\Media.cpp(1,1): warning C4828: 文件包含在偏移 0x5be9 处开始的字符，该字符在当前源字符集中无效(代码页 65001)。
D:\c++_learning\ffplayer\src\FFMediaPlayer_64\Media.cpp(1,1): warning C4828: 文件包含在偏移 0x5beb 处开始的字符，该字符在当前源字符集中无效(代码页 65001)。
D:\c++_learning\ffplayer\src\FFMediaPlayer_64\Media.cpp(1,1): warning C4828: 文件包含在偏移 0x5bec 处开始的字符，该字符在当前源字符集中无效(代码页 65001)。
D:\c++_learning\ffplayer\src\FFMediaPlayer_64\Media.cpp(1,1): warning C4828: 文件包含在偏移 0x5bed 处开始的字符，该字符在当前源字符集中无效(代码页 65001)。
D:\c++_learning\ffplayer\src\FFMediaPlayer_64\Media.cpp(1,1): warning C4828: 文件包含在偏移 0x5bee 处开始的字符，该字符在当前源字符集中无效(代码页 65001)。
D:\c++_learning\ffplayer\src\FFMediaPlayer_64\Media.cpp(1,1): warning C4828: 文件包含在偏移 0x5bef 处开始的字符，该字符在当前源字符集中无效(代码页 65001)。
D:\c++_learning\ffplayer\src\FFMediaPlayer_64\Media.cpp(1,1): warning C4828: 文件包含在偏移 0x5bf0 处开始的字符，该字符在当前源字符集中无效(代码页 65001)。
D:\c++_learning\ffplayer\src\FFMediaPlayer_64\Media.cpp(1,1): warning C4828: 文件包含在偏移 0x5cbc 处开始的字符，该字符在当前源字符集中无效(代码页 65001)。
D:\c++_learning\ffplayer\src\FFMediaPlayer_64\Media.cpp(1,1): warning C4828: 文件包含在偏移 0x5cc2 处开始的字符，该字符在当前源字符集中无效(代码页 65001)。
D:\c++_learning\ffplayer\src\FFMediaPlayer_64\Media.cpp(1,1): warning C4828: 文件包含在偏移 0x5cc6 处开始的字符，该字符在当前源字符集中无效(代码页 65001)。
D:\c++_learning\ffplayer\src\FFMediaPlayer_64\Media.cpp(1,1): warning C4828: 文件包含在偏移 0x5cc8 处开始的字符，该字符在当前源字符集中无效(代码页 65001)。
D:\c++_learning\ffplayer\src\FFMediaPlayer_64\Media.cpp(1,1): warning C4828: 文件包含在偏移 0x5cc9 处开始的字符，该字符在当前源字符集中无效(代码页 65001)。
D:\c++_learning\ffplayer\src\FFMediaPlayer_64\Media.cpp(1,1): warning C4828: 文件包含在偏移 0x5ccb 处开始的字符，该字符在当前源字符集中无效(代码页 65001)。
D:\c++_learning\ffplayer\src\FFMediaPlayer_64\Media.cpp(1,1): warning C4828: 文件包含在偏移 0x5cd6 处开始的字符，该字符在当前源字符集中无效(代码页 65001)。
D:\c++_learning\ffplayer\src\FFMediaPlayer_64\Media.cpp(1,1): warning C4828: 文件包含在偏移 0x5cd7 处开始的字符，该字符在当前源字符集中无效(代码页 65001)。
D:\c++_learning\ffplayer\src\FFMediaPlayer_64\Media.cpp(1,1): warning C4828: 文件包含在偏移 0x5cdb 处开始的字符，该字符在当前源字符集中无效(代码页 65001)。
D:\c++_learning\ffplayer\src\FFMediaPlayer_64\Media.cpp(1,1): warning C4828: 文件包含在偏移 0x5ce0 处开始的字符，该字符在当前源字符集中无效(代码页 65001)。
D:\c++_learning\ffplayer\src\FFMediaPlayer_64\Media.cpp(1,1): warning C4828: 文件包含在偏移 0x5ce1 处开始的字符，该字符在当前源字符集中无效(代码页 65001)。
D:\c++_learning\ffplayer\src\FFMediaPlayer_64\Media.cpp(1,1): warning C4828: 文件包含在偏移 0x5ce2 处开始的字符，该字符在当前源字符集中无效(代码页 65001)。
D:\c++_learning\ffplayer\src\FFMediaPlayer_64\Media.cpp(1,1): warning C4828: 文件包含在偏移 0x5ce4 处开始的字符，该字符在当前源字符集中无效(代码页 65001)。
D:\c++_learning\ffplayer\src\FFMediaPlayer_64\Media.cpp(1,1): warning C4828: 文件包含在偏移 0x5ce5 处开始的字符，该字符在当前源字符集中无效(代码页 65001)。
D:\c++_learning\ffplayer\src\FFMediaPlayer_64\Media.cpp(1,1): warning C4828: 文件包含在偏移 0x5ce9 处开始的字符，该字符在当前源字符集中无效(代码页 65001)。
D:\c++_learning\ffplayer\src\FFMediaPlayer_64\Media.cpp(1,1): warning C4828: 文件包含在偏移 0x5d76 处开始的字符，该字符在当前源字符集中无效(代码页 65001)。
D:\c++_learning\ffplayer\src\FFMediaPlayer_64\Media.cpp(1,1): warning C4828: 文件包含在偏移 0x5d77 处开始的字符，该字符在当前源字符集中无效(代码页 65001)。
D:\c++_learning\ffplayer\src\FFMediaPlayer_64\Media.cpp(1,1): warning C4828: 文件包含在偏移 0x5d78 处开始的字符，该字符在当前源字符集中无效(代码页 65001)。
D:\c++_learning\ffplayer\src\FFMediaPlayer_64\Media.cpp(1,1): warning C4828: 文件包含在偏移 0x5d79 处开始的字符，该字符在当前源字符集中无效(代码页 65001)。
D:\c++_learning\ffplayer\src\FFMediaPlayer_64\Media.cpp(1,1): warning C4828: 文件包含在偏移 0x5d7c 处开始的字符，该字符在当前源字符集中无效(代码页 65001)。
D:\c++_learning\ffplayer\src\FFMediaPlayer_64\Media.cpp(1,1): warning C4828: 文件包含在偏移 0x5d7d 处开始的字符，该字符在当前源字符集中无效(代码页 65001)。
D:\c++_learning\ffplayer\src\FFMediaPlayer_64\Media.cpp(1,1): warning C4828: 文件包含在偏移 0x5d82 处开始的字符，该字符在当前源字符集中无效(代码页 65001)。
D:\c++_learning\ffplayer\src\FFMediaPlayer_64\Media.cpp(1,1): warning C4828: 文件包含在偏移 0x5d86 处开始的字符，该字符在当前源字符集中无效(代码页 65001)。
D:\c++_learning\ffplayer\src\FFMediaPlayer_64\Media.cpp(1,1): warning C4828: 文件包含在偏移 0x5d8b 处开始的字符，该字符在当前源字符集中无效(代码页 65001)。
D:\c++_learning\ffplayer\src\FFMediaPlayer_64\Media.cpp(1,1): warning C4828: 文件包含在偏移 0x5d91 处开始的字符，该字符在当前源字符集中无效(代码页 65001)。
D:\c++_learning\ffplayer\src\FFMediaPlayer_64\Media.cpp(1,1): warning C4828: 文件包含在偏移 0x5d94 处开始的字符，该字符在当前源字符集中无效(代码页 65001)。
D:\c++_learning\ffplayer\src\FFMediaPlayer_64\Media.cpp(1,1): warning C4828: 文件包含在偏移 0x5d98 处开始的字符，该字符在当前源字符集中无效(代码页 65001)。
D:\c++_learning\ffplayer\src\FFMediaPlayer_64\Media.cpp(1,1): warning C4828: 文件包含在偏移 0x5ead 处开始的字符，该字符在当前源字符集中无效(代码页 65001)。
D:\c++_learning\ffplayer\src\FFMediaPlayer_64\Media.cpp(1,1): warning C4828: 文件包含在偏移 0x5eb3 处开始的字符，该字符在当前源字符集中无效(代码页 65001)。
D:\c++_learning\ffplayer\src\FFMediaPlayer_64\Media.cpp(1,1): warning C4828: 文件包含在偏移 0x5eb7 处开始的字符，该字符在当前源字符集中无效(代码页 65001)。
D:\c++_learning\ffplayer\src\FFMediaPlayer_64\Media.cpp(1,1): warning C4828: 文件包含在偏移 0x5eb9 处开始的字符，该字符在当前源字符集中无效(代码页 65001)。
D:\c++_learning\ffplayer\src\FFMediaPlayer_64\Media.cpp(1,1): warning C4828: 文件包含在偏移 0x5eba 处开始的字符，该字符在当前源字符集中无效(代码页 65001)。
D:\c++_learning\ffplayer\src\FFMediaPlayer_64\Media.cpp(1,1): warning C4828: 文件包含在偏移 0x5ebc 处开始的字符，该字符在当前源字符集中无效(代码页 65001)。
D:\c++_learning\ffplayer\src\FFMediaPlayer_64\Media.cpp(1,1): warning C4828: 文件包含在偏移 0x5ec7 处开始的字符，该字符在当前源字符集中无效(代码页 65001)。
D:\c++_learning\ffplayer\src\FFMediaPlayer_64\Media.cpp(1,1): warning C4828: 文件包含在偏移 0x5ec8 处开始的字符，该字符在当前源字符集中无效(代码页 65001)。
D:\c++_learning\ffplayer\src\FFMediaPlayer_64\Media.cpp(1,1): warning C4828: 文件包含在偏移 0x5ecc 处开始的字符，该字符在当前源字符集中无效(代码页 65001)。
D:\c++_learning\ffplayer\src\FFMediaPlayer_64\Media.cpp(1,1): warning C4828: 文件包含在偏移 0x5ed1 处开始的字符，该字符在当前源字符集中无效(代码页 65001)。
D:\c++_learning\ffplayer\src\FFMediaPlayer_64\Media.cpp(1,1): warning C4828: 文件包含在偏移 0x5ed2 处开始的字符，该字符在当前源字符集中无效(代码页 65001)。
D:\c++_learning\ffplayer\src\FFMediaPlayer_64\Media.cpp(1,1): warning C4828: 文件包含在偏移 0x5ed3 处开始的字符，该字符在当前源字符集中无效(代码页 65001)。
D:\c++_learning\ffplayer\src\FFMediaPlayer_64\Media.cpp(1,1): warning C4828: 文件包含在偏移 0x5ed5 处开始的字符，该字符在当前源字符集中无效(代码页 65001)。
D:\c++_learning\ffplayer\src\FFMediaPlayer_64\Media.cpp(1,1): warning C4828: 文件包含在偏移 0x5ed6 处开始的字符，该字符在当前源字符集中无效(代码页 65001)。
D:\c++_learning\ffplayer\src\FFMediaPlayer_64\Media.cpp(1,1): warning C4828: 文件包含在偏移 0x5eda 处开始的字符，该字符在当前源字符集中无效(代码页 65001)。
D:\c++_learning\ffplayer\src\FFMediaPlayer_64\Media.cpp(1,1): warning C4828: 文件包含在偏移 0x5f67 处开始的字符，该字符在当前源字符集中无效(代码页 65001)。
D:\c++_learning\ffplayer\src\FFMediaPlayer_64\Media.cpp(1,1): warning C4828: 文件包含在偏移 0x5f68 处开始的字符，该字符在当前源字符集中无效(代码页 65001)。
D:\c++_learning\ffplayer\src\FFMediaPlayer_64\Media.cpp(1,1): warning C4828: 文件包含在偏移 0x5f69 处开始的字符，该字符在当前源字符集中无效(代码页 65001)。
D:\c++_learning\ffplayer\src\FFMediaPlayer_64\Media.cpp(1,1): warning C4828: 文件包含在偏移 0x5f6a 处开始的字符，该字符在当前源字符集中无效(代码页 65001)。
D:\c++_learning\ffplayer\src\FFMediaPlayer_64\Media.cpp(1,1): warning C4828: 文件包含在偏移 0x5f6d 处开始的字符，该字符在当前源字符集中无效(代码页 65001)。
D:\c++_learning\ffplayer\src\FFMediaPlayer_64\Media.cpp(1,1): warning C4828: 文件包含在偏移 0x5f6e 处开始的字符，该字符在当前源字符集中无效(代码页 65001)。
D:\c++_learning\ffplayer\src\FFMediaPlayer_64\Media.cpp(1,1): warning C4828: 文件包含在偏移 0x5f73 处开始的字符，该字符在当前源字符集中无效(代码页 65001)。
D:\c++_learning\ffplayer\src\FFMediaPlayer_64\Media.cpp(1,1): warning C4828: 文件包含在偏移 0x5f77 处开始的字符，该字符在当前源字符集中无效(代码页 65001)。
D:\c++_learning\ffplayer\src\FFMediaPlayer_64\Media.cpp(1,1): warning C4828: 文件包含在偏移 0x5f7c 处开始的字符，该字符在当前源字符集中无效(代码页 65001)。
D:\c++_learning\ffplayer\src\FFMediaPlayer_64\Media.cpp(1,1): warning C4828: 文件包含在偏移 0x5f82 处开始的字符，该字符在当前源字符集中无效(代码页 65001)。
D:\c++_learning\ffplayer\src\FFMediaPlayer_64\Media.cpp(1,1): warning C4828: 文件包含在偏移 0x5f85 处开始的字符，该字符在当前源字符集中无效(代码页 65001)。
D:\c++_learning\ffplayer\src\FFMediaPlayer_64\Media.cpp(1,1): warning C4828: 文件包含在偏移 0x5f89 处开始的字符，该字符在当前源字符集中无效(代码页 65001)。
D:\c++_learning\ffplayer\src\FFMediaPlayer_64\Media.cpp(1,1): warning C4828: 文件包含在偏移 0x60dd 处开始的字符，该字符在当前源字符集中无效(代码页 65001)。
D:\c++_learning\ffplayer\src\FFMediaPlayer_64\Media.cpp(1,1): warning C4828: 文件包含在偏移 0x60de 处开始的字符，该字符在当前源字符集中无效(代码页 65001)。
D:\c++_learning\ffplayer\src\FFMediaPlayer_64\Media.cpp(1,1): warning C4828: 文件包含在偏移 0x60df 处开始的字符，该字符在当前源字符集中无效(代码页 65001)。
D:\c++_learning\ffplayer\src\FFMediaPlayer_64\Media.cpp(1,1): warning C4828: 文件包含在偏移 0x60e5 处开始的字符，该字符在当前源字符集中无效(代码页 65001)。
D:\c++_learning\ffplayer\src\FFMediaPlayer_64\Media.cpp(1,1): warning C4828: 文件包含在偏移 0x60e7 处开始的字符，该字符在当前源字符集中无效(代码页 65001)。
D:\c++_learning\ffplayer\src\FFMediaPlayer_64\Media.cpp(1,1): warning C4828: 文件包含在偏移 0x60e8 处开始的字符，该字符在当前源字符集中无效(代码页 65001)。
D:\c++_learning\ffplayer\src\FFMediaPlayer_64\Media.cpp(1,1): warning C4828: 文件包含在偏移 0x60ea 处开始的字符，该字符在当前源字符集中无效(代码页 65001)。
D:\c++_learning\ffplayer\src\FFMediaPlayer_64\Media.cpp(1,1): warning C4828: 文件包含在偏移 0x60eb 处开始的字符，该字符在当前源字符集中无效(代码页 65001)。
D:\c++_learning\ffplayer\src\FFMediaPlayer_64\Media.cpp(1,1): warning C4828: 文件包含在偏移 0x60ed 处开始的字符，该字符在当前源字符集中无效(代码页 65001)。
D:\c++_learning\ffplayer\src\FFMediaPlayer_64\Media.cpp(1,1): warning C4828: 文件包含在偏移 0x60ee 处开始的字符，该字符在当前源字符集中无效(代码页 65001)。
D:\c++_learning\ffplayer\src\FFMediaPlayer_64\Media.cpp(1,1): warning C4828: 文件包含在偏移 0x60ef 处开始的字符，该字符在当前源字符集中无效(代码页 65001)。
D:\c++_learning\ffplayer\src\FFMediaPlayer_64\Media.cpp(1,1): warning C4828: 文件包含在偏移 0x60f0 处开始的字符，该字符在当前源字符集中无效(代码页 65001)。
D:\c++_learning\ffplayer\src\FFMediaPlayer_64\Media.cpp(1,1): warning C4828: 文件包含在偏移 0x60f1 处开始的字符，该字符在当前源字符集中无效(代码页 65001)。
D:\c++_learning\ffplayer\src\FFMediaPlayer_64\Media.cpp(1,1): warning C4828: 文件包含在偏移 0x60f2 处开始的字符，该字符在当前源字符集中无效(代码页 65001)。
D:\c++_learning\ffplayer\src\FFMediaPlayer_64\Media.cpp(1,1): warning C4828: 文件包含在偏移 0x62aa 处开始的字符，该字符在当前源字符集中无效(代码页 65001)。
D:\c++_learning\ffplayer\src\FFMediaPlayer_64\Media.cpp(1,1): warning C4828: 文件包含在偏移 0x62ac 处开始的字符，该字符在当前源字符集中无效(代码页 65001)。
D:\c++_learning\ffplayer\src\FFMediaPlayer_64\Media.cpp(1,1): warning C4828: 文件包含在偏移 0x62ad 处开始的字符，该字符在当前源字符集中无效(代码页 65001)。
D:\c++_learning\ffplayer\src\FFMediaPlayer_64\Media.cpp(1,1): warning C4828: 文件包含在偏移 0x633d 处开始的字符，该字符在当前源字符集中无效(代码页 65001)。
D:\c++_learning\ffplayer\src\FFMediaPlayer_64\Media.cpp(1,1): warning C4828: 文件包含在偏移 0x633f 处开始的字符，该字符在当前源字符集中无效(代码页 65001)。
D:\c++_learning\ffplayer\src\FFMediaPlayer_64\Media.cpp(1,1): warning C4828: 文件包含在偏移 0x6340 处开始的字符，该字符在当前源字符集中无效(代码页 65001)。
D:\c++_learning\ffplayer\src\FFMediaPlayer_64\Media.cpp(1,1): warning C4828: 文件包含在偏移 0x6a6a 处开始的字符，该字符在当前源字符集中无效(代码页 65001)。
D:\c++_learning\ffplayer\src\FFMediaPlayer_64\Media.cpp(1,1): warning C4828: 文件包含在偏移 0x6a6b 处开始的字符，该字符在当前源字符集中无效(代码页 65001)。
D:\c++_learning\ffplayer\src\FFMediaPlayer_64\Media.cpp(1,1): warning C4828: 文件包含在偏移 0x6a6c 处开始的字符，该字符在当前源字符集中无效(代码页 65001)。
D:\c++_learning\ffplayer\src\FFMediaPlayer_64\Media.cpp(1,1): warning C4828: 文件包含在偏移 0x6a6d 处开始的字符，该字符在当前源字符集中无效(代码页 65001)。
D:\c++_learning\ffplayer\src\FFMediaPlayer_64\Media.cpp(1,1): warning C4828: 文件包含在偏移 0x6a70 处开始的字符，该字符在当前源字符集中无效(代码页 65001)。
D:\c++_learning\ffplayer\src\FFMediaPlayer_64\Media.h(1,1): warning C4828: 文件包含在偏移 0x232 处开始的字符，该字符在当前源字符集中无效(代码页 65001)。
  (编译源文件“Media.cpp”)
  
D:\c++_learning\ffplayer\src\FFMediaPlayer_64\Media.h(1,1): warning C4828: 文件包含在偏移 0x234 处开始的字符，该字符在当前源字符集中无效(代码页 65001)。
  (编译源文件“Media.cpp”)
  
D:\c++_learning\ffplayer\src\FFMediaPlayer_64\Media.h(1,1): warning C4828: 文件包含在偏移 0x235 处开始的字符，该字符在当前源字符集中无效(代码页 65001)。
  (编译源文件“Media.cpp”)
  
D:\c++_learning\ffplayer\src\FFMediaPlayer_64\Media.h(1,1): warning C4828: 文件包含在偏移 0x239 处开始的字符，该字符在当前源字符集中无效(代码页 65001)。
  (编译源文件“Media.cpp”)
  
D:\c++_learning\ffplayer\src\FFMediaPlayer_64\Media.h(1,1): warning C4828: 文件包含在偏移 0x23a 处开始的字符，该字符在当前源字符集中无效(代码页 65001)。
  (编译源文件“Media.cpp”)
  
D:\c++_learning\ffplayer\src\FFMediaPlayer_64\Media.h(1,1): warning C4828: 文件包含在偏移 0x23b 处开始的字符，该字符在当前源字符集中无效(代码页 65001)。
  (编译源文件“Media.cpp”)
  
D:\c++_learning\ffplayer\src\FFMediaPlayer_64\Media.h(1,1): warning C4828: 文件包含在偏移 0x23e 处开始的字符，该字符在当前源字符集中无效(代码页 65001)。
  (编译源文件“Media.cpp”)
  
D:\c++_learning\ffplayer\src\FFMediaPlayer_64\Media.h(1,1): warning C4828: 文件包含在偏移 0x23f 处开始的字符，该字符在当前源字符集中无效(代码页 65001)。
  (编译源文件“Media.cpp”)
  
D:\c++_learning\ffplayer\src\FFMediaPlayer_64\Media.h(1,1): warning C4828: 文件包含在偏移 0x240 处开始的字符，该字符在当前源字符集中无效(代码页 65001)。
  (编译源文件“Media.cpp”)
  
D:\c++_learning\ffplayer\src\FFMediaPlayer_64\Media.h(1,1): warning C4828: 文件包含在偏移 0x243 处开始的字符，该字符在当前源字符集中无效(代码页 65001)。
  (编译源文件“Media.cpp”)
  
D:\c++_learning\ffplayer\src\FFMediaPlayer_64\Media.h(1,1): warning C4828: 文件包含在偏移 0x245 处开始的字符，该字符在当前源字符集中无效(代码页 65001)。
  (编译源文件“Media.cpp”)
  
D:\c++_learning\ffplayer\src\FFMediaPlayer_64\Media.h(1,1): warning C4828: 文件包含在偏移 0x247 处开始的字符，该字符在当前源字符集中无效(代码页 65001)。
  (编译源文件“Media.cpp”)
  
D:\c++_learning\ffplayer\src\FFMediaPlayer_64\Media.h(1,1): warning C4828: 文件包含在偏移 0x248 处开始的字符，该字符在当前源字符集中无效(代码页 65001)。
  (编译源文件“Media.cpp”)
  
D:\c++_learning\ffplayer\src\FFMediaPlayer_64\Media.h(1,1): warning C4828: 文件包含在偏移 0x24a 处开始的字符，该字符在当前源字符集中无效(代码页 65001)。
  (编译源文件“Media.cpp”)
  
D:\c++_learning\ffplayer\src\FFMediaPlayer_64\Media.h(1,1): warning C4828: 文件包含在偏移 0x24b 处开始的字符，该字符在当前源字符集中无效(代码页 65001)。
  (编译源文件“Media.cpp”)
  
D:\c++_learning\ffplayer\src\FFMediaPlayer_64\Media.h(1,1): warning C4828: 文件包含在偏移 0x24f 处开始的字符，该字符在当前源字符集中无效(代码页 65001)。
  (编译源文件“Media.cpp”)
  
D:\c++_learning\ffplayer\src\FFMediaPlayer_64\Media.h(1,1): warning C4828: 文件包含在偏移 0x6a4 处开始的字符，该字符在当前源字符集中无效(代码页 65001)。
  (编译源文件“Media.cpp”)
  
D:\c++_learning\ffplayer\src\FFMediaPlayer_64\Media.h(1,1): warning C4828: 文件包含在偏移 0x6a6 处开始的字符，该字符在当前源字符集中无效(代码页 65001)。
  (编译源文件“Media.cpp”)
  
D:\c++_learning\ffplayer\src\FFMediaPlayer_64\Media.h(1,1): warning C4828: 文件包含在偏移 0x6a7 处开始的字符，该字符在当前源字符集中无效(代码页 65001)。
  (编译源文件“Media.cpp”)
  
D:\c++_learning\ffplayer\src\FFMediaPlayer_64\Media.h(1,1): warning C4828: 文件包含在偏移 0x6ab 处开始的字符，该字符在当前源字符集中无效(代码页 65001)。
  (编译源文件“Media.cpp”)
  
D:\c++_learning\ffplayer\src\FFMediaPlayer_64\Media.h(1,1): warning C4828: 文件包含在偏移 0x6ae 处开始的字符，该字符在当前源字符集中无效(代码页 65001)。
  (编译源文件“Media.cpp”)
  
D:\c++_learning\ffplayer\src\FFMediaPlayer_64\Media.h(1,1): warning C4828: 文件包含在偏移 0x6b0 处开始的字符，该字符在当前源字符集中无效(代码页 65001)。
  (编译源文件“Media.cpp”)
  
D:\c++_learning\ffplayer\src\FFMediaPlayer_64\Media.h(1,1): warning C4828: 文件包含在偏移 0x6b1 处开始的字符，该字符在当前源字符集中无效(代码页 65001)。
  (编译源文件“Media.cpp”)
  
D:\c++_learning\ffplayer\src\FFMediaPlayer_64\Media.h(1,1): warning C4828: 文件包含在偏移 0x6b4 处开始的字符，该字符在当前源字符集中无效(代码页 65001)。
  (编译源文件“Media.cpp”)
  
D:\c++_learning\ffplayer\src\FFMediaPlayer_64\Media.h(1,1): warning C4828: 文件包含在偏移 0x6b6 处开始的字符，该字符在当前源字符集中无效(代码页 65001)。
  (编译源文件“Media.cpp”)
  
D:\c++_learning\ffplayer\src\FFMediaPlayer_64\Media.h(1,1): warning C4828: 文件包含在偏移 0x6b7 处开始的字符，该字符在当前源字符集中无效(代码页 65001)。
  (编译源文件“Media.cpp”)
  
D:\c++_learning\ffplayer\src\FFMediaPlayer_64\Media.h(1,1): warning C4828: 文件包含在偏移 0x6b9 处开始的字符，该字符在当前源字符集中无效(代码页 65001)。
  (编译源文件“Media.cpp”)
  
D:\c++_learning\ffplayer\src\FFMediaPlayer_64\Media.h(1,1): warning C4828: 文件包含在偏移 0x6bf 处开始的字符，该字符在当前源字符集中无效(代码页 65001)。
  (编译源文件“Media.cpp”)
  
D:\c++_learning\ffplayer\src\FFMediaPlayer_64\Media.h(1,1): warning C4828: 文件包含在偏移 0x6eb 处开始的字符，该字符在当前源字符集中无效(代码页 65001)。
  (编译源文件“Media.cpp”)
  
D:\c++_learning\ffplayer\src\FFMediaPlayer_64\Media.h(1,1): warning C4828: 文件包含在偏移 0x6ed 处开始的字符，该字符在当前源字符集中无效(代码页 65001)。
  (编译源文件“Media.cpp”)
  
D:\c++_learning\ffplayer\src\FFMediaPlayer_64\Media.h(1,1): warning C4828: 文件包含在偏移 0x6ef 处开始的字符，该字符在当前源字符集中无效(代码页 65001)。
  (编译源文件“Media.cpp”)
  
D:\c++_learning\ffplayer\src\FFMediaPlayer_64\Media.h(1,1): warning C4828: 文件包含在偏移 0x6f0 处开始的字符，该字符在当前源字符集中无效(代码页 65001)。
  (编译源文件“Media.cpp”)
  
D:\c++_learning\ffplayer\src\FFMediaPlayer_64\Media.h(1,1): warning C4828: 文件包含在偏移 0x6f1 处开始的字符，该字符在当前源字符集中无效(代码页 65001)。
  (编译源文件“Media.cpp”)
  
D:\c++_learning\ffplayer\src\FFMediaPlayer_64\Media.h(1,1): warning C4828: 文件包含在偏移 0x6f3 处开始的字符，该字符在当前源字符集中无效(代码页 65001)。
  (编译源文件“Media.cpp”)
  
D:\c++_learning\ffplayer\src\FFMediaPlayer_64\Media.h(1,1): warning C4828: 文件包含在偏移 0x6f4 处开始的字符，该字符在当前源字符集中无效(代码页 65001)。
  (编译源文件“Media.cpp”)
  
D:\c++_learning\ffplayer\src\FFMediaPlayer_64\Media.h(1,1): warning C4828: 文件包含在偏移 0x6f7 处开始的字符，该字符在当前源字符集中无效(代码页 65001)。
  (编译源文件“Media.cpp”)
  
D:\c++_learning\ffplayer\src\FFMediaPlayer_64\Media.h(1,1): warning C4828: 文件包含在偏移 0x6f8 处开始的字符，该字符在当前源字符集中无效(代码页 65001)。
  (编译源文件“Media.cpp”)
  
D:\c++_learning\ffplayer\src\FFMediaPlayer_64\Media.h(1,1): warning C4828: 文件包含在偏移 0x8de 处开始的字符，该字符在当前源字符集中无效(代码页 65001)。
  (编译源文件“Media.cpp”)
  
D:\c++_learning\ffplayer\src\FFMediaPlayer_64\Media.h(1,1): warning C4828: 文件包含在偏移 0x8e0 处开始的字符，该字符在当前源字符集中无效(代码页 65001)。
  (编译源文件“Media.cpp”)
  
D:\c++_learning\ffplayer\src\FFMediaPlayer_64\Media.h(1,1): warning C4828: 文件包含在偏移 0x8e1 处开始的字符，该字符在当前源字符集中无效(代码页 65001)。
  (编译源文件“Media.cpp”)
  
D:\c++_learning\ffplayer\src\FFMediaPlayer_64\Media.h(1,1): warning C4828: 文件包含在偏移 0x917 处开始的字符，该字符在当前源字符集中无效(代码页 65001)。
  (编译源文件“Media.cpp”)
  
D:\c++_learning\ffplayer\src\FFMediaPlayer_64\Media.h(1,1): warning C4828: 文件包含在偏移 0x918 处开始的字符，该字符在当前源字符集中无效(代码页 65001)。
  (编译源文件“Media.cpp”)
  
D:\c++_learning\ffplayer\src\FFMediaPlayer_64\Media.h(1,1): warning C4828: 文件包含在偏移 0x91a 处开始的字符，该字符在当前源字符集中无效(代码页 65001)。
  (编译源文件“Media.cpp”)
  
D:\c++_learning\ffplayer\src\FFMediaPlayer_64\Media.h(1,1): warning C4828: 文件包含在偏移 0x950 处开始的字符，该字符在当前源字符集中无效(代码页 65001)。
  (编译源文件“Media.cpp”)
  
D:\c++_learning\ffplayer\src\FFMediaPlayer_64\Media.h(1,1): warning C4828: 文件包含在偏移 0x951 处开始的字符，该字符在当前源字符集中无效(代码页 65001)。
  (编译源文件“Media.cpp”)
  
D:\c++_learning\ffplayer\src\FFMediaPlayer_64\Media.h(1,1): warning C4828: 文件包含在偏移 0x952 处开始的字符，该字符在当前源字符集中无效(代码页 65001)。
  (编译源文件“Media.cpp”)
  
D:\c++_learning\ffplayer\src\FFMediaPlayer_64\Media.h(1,1): warning C4828: 文件包含在偏移 0x953 处开始的字符，该字符在当前源字符集中无效(代码页 65001)。
  (编译源文件“Media.cpp”)
  
D:\c++_learning\ffplayer\src\FFMediaPlayer_64\Media.h(1,1): warning C4828: 文件包含在偏移 0x989 处开始的字符，该字符在当前源字符集中无效(代码页 65001)。
  (编译源文件“Media.cpp”)
  
D:\c++_learning\ffplayer\src\FFMediaPlayer_64\Media.h(1,1): warning C4828: 文件包含在偏移 0x98c 处开始的字符，该字符在当前源字符集中无效(代码页 65001)。
  (编译源文件“Media.cpp”)
  
D:\c++_learning\ffplayer\src\FFMediaPlayer_64\Media.h(1,1): warning C4828: 文件包含在偏移 0x9c2 处开始的字符，该字符在当前源字符集中无效(代码页 65001)。
  (编译源文件“Media.cpp”)
  
D:\c++_learning\ffplayer\src\FFMediaPlayer_64\Media.h(1,1): warning C4828: 文件包含在偏移 0x9c4 处开始的字符，该字符在当前源字符集中无效(代码页 65001)。
  (编译源文件“Media.cpp”)
  
D:\c++_learning\ffplayer\src\FFMediaPlayer_64\Media.h(1,1): warning C4828: 文件包含在偏移 0x9c5 处开始的字符，该字符在当前源字符集中无效(代码页 65001)。
  (编译源文件“Media.cpp”)
  
D:\c++_learning\ffplayer\src\FFMediaPlayer_64\Media.h(1,1): warning C4828: 文件包含在偏移 0xa02 处开始的字符，该字符在当前源字符集中无效(代码页 65001)。
  (编译源文件“Media.cpp”)
  
D:\c++_learning\ffplayer\src\FFMediaPlayer_64\Media.h(1,1): warning C4828: 文件包含在偏移 0xa03 处开始的字符，该字符在当前源字符集中无效(代码页 65001)。
  (编译源文件“Media.cpp”)
  
D:\c++_learning\ffplayer\src\FFMediaPlayer_64\Media.h(1,1): warning C4828: 文件包含在偏移 0xa04 处开始的字符，该字符在当前源字符集中无效(代码页 65001)。
  (编译源文件“Media.cpp”)
  
D:\c++_learning\ffplayer\src\FFMediaPlayer_64\Media.h(1,1): warning C4828: 文件包含在偏移 0xa05 处开始的字符，该字符在当前源字符集中无效(代码页 65001)。
  (编译源文件“Media.cpp”)
  
D:\c++_learning\ffplayer\src\FFMediaPlayer_64\Media.h(1,1): warning C4828: 文件包含在偏移 0xa06 处开始的字符，该字符在当前源字符集中无效(代码页 65001)。
  (编译源文件“Media.cpp”)
  
D:\c++_learning\ffplayer\src\FFMediaPlayer_64\Media.h(1,1): warning C4828: 文件包含在偏移 0xb8b 处开始的字符，该字符在当前源字符集中无效(代码页 65001)。
  (编译源文件“Media.cpp”)
  
D:\c++_learning\ffplayer\src\FFMediaPlayer_64\Media.h(1,1): warning C4828: 文件包含在偏移 0xb8d 处开始的字符，该字符在当前源字符集中无效(代码页 65001)。
  (编译源文件“Media.cpp”)
  
D:\c++_learning\ffplayer\src\FFMediaPlayer_64\Media.h(1,1): warning C4828: 文件包含在偏移 0xb8f 处开始的字符，该字符在当前源字符集中无效(代码页 65001)。
  (编译源文件“Media.cpp”)
  
D:\c++_learning\ffplayer\src\FFMediaPlayer_64\Media.h(1,1): warning C4828: 文件包含在偏移 0xb92 处开始的字符，该字符在当前源字符集中无效(代码页 65001)。
  (编译源文件“Media.cpp”)
  
D:\c++_learning\ffplayer\src\FFMediaPlayer_64\Media.h(1,1): warning C4828: 文件包含在偏移 0xbc7 处开始的字符，该字符在当前源字符集中无效(代码页 65001)。
  (编译源文件“Media.cpp”)
  
D:\c++_learning\ffplayer\src\FFMediaPlayer_64\Media.h(1,1): warning C4828: 文件包含在偏移 0xbc9 处开始的字符，该字符在当前源字符集中无效(代码页 65001)。
  (编译源文件“Media.cpp”)
  
D:\c++_learning\ffplayer\src\FFMediaPlayer_64\Media.h(1,1): warning C4828: 文件包含在偏移 0xbcb 处开始的字符，该字符在当前源字符集中无效(代码页 65001)。
  (编译源文件“Media.cpp”)
  
D:\c++_learning\ffplayer\src\FFMediaPlayer_64\Media.h(1,1): warning C4828: 文件包含在偏移 0xbff 处开始的字符，该字符在当前源字符集中无效(代码页 65001)。
  (编译源文件“Media.cpp”)
  
D:\c++_learning\ffplayer\src\FFMediaPlayer_64\Media.h(1,1): warning C4828: 文件包含在偏移 0xc01 处开始的字符，该字符在当前源字符集中无效(代码页 65001)。
  (编译源文件“Media.cpp”)
  
D:\c++_learning\ffplayer\src\FFMediaPlayer_64\Media.h(1,1): warning C4828: 文件包含在偏移 0xc03 处开始的字符，该字符在当前源字符集中无效(代码页 65001)。
  (编译源文件“Media.cpp”)
  
D:\c++_learning\ffplayer\src\FFMediaPlayer_64\Media.h(1,1): warning C4828: 文件包含在偏移 0xc06 处开始的字符，该字符在当前源字符集中无效(代码页 65001)。
  (编译源文件“Media.cpp”)
  
D:\c++_learning\ffplayer\src\FFMediaPlayer_64\Media.h(1,1): warning C4828: 文件包含在偏移 0xd6b 处开始的字符，该字符在当前源字符集中无效(代码页 65001)。
  (编译源文件“Media.cpp”)
  
D:\c++_learning\ffplayer\src\FFMediaPlayer_64\Media.h(1,1): warning C4828: 文件包含在偏移 0xd6c 处开始的字符，该字符在当前源字符集中无效(代码页 65001)。
  (编译源文件“Media.cpp”)
  
D:\c++_learning\ffplayer\src\FFMediaPlayer_64\Media.h(1,1): warning C4828: 文件包含在偏移 0xd6d 处开始的字符，该字符在当前源字符集中无效(代码页 65001)。
  (编译源文件“Media.cpp”)
  
D:\c++_learning\ffplayer\src\FFMediaPlayer_64\Media.h(1,1): warning C4828: 文件包含在偏移 0xd6f 处开始的字符，该字符在当前源字符集中无效(代码页 65001)。
  (编译源文件“Media.cpp”)
  
D:\c++_learning\ffplayer\src\FFMediaPlayer_64\Media.h(1,1): warning C4828: 文件包含在偏移 0xd70 处开始的字符，该字符在当前源字符集中无效(代码页 65001)。
  (编译源文件“Media.cpp”)
  
D:\c++_learning\ffplayer\src\FFMediaPlayer_64\Media.h(1,1): warning C4828: 文件包含在偏移 0xd71 处开始的字符，该字符在当前源字符集中无效(代码页 65001)。
  (编译源文件“Media.cpp”)
  
D:\c++_learning\ffplayer\src\FFMediaPlayer_64\Media.h(1,1): warning C4828: 文件包含在偏移 0xd72 处开始的字符，该字符在当前源字符集中无效(代码页 65001)。
  (编译源文件“Media.cpp”)
  
D:\c++_learning\ffplayer\src\FFMediaPlayer_64\Media.h(1,1): warning C4828: 文件包含在偏移 0xd74 处开始的字符，该字符在当前源字符集中无效(代码页 65001)。
  (编译源文件“Media.cpp”)
  
D:\c++_learning\ffplayer\src\FFMediaPlayer_64\Media.h(1,1): warning C4828: 文件包含在偏移 0xd78 处开始的字符，该字符在当前源字符集中无效(代码页 65001)。
  (编译源文件“Media.cpp”)
  
D:\c++_learning\ffplayer\src\FFMediaPlayer_64\Media.h(1,1): warning C4828: 文件包含在偏移 0xd7b 处开始的字符，该字符在当前源字符集中无效(代码页 65001)。
  (编译源文件“Media.cpp”)
  
D:\c++_learning\ffplayer\src\FFMediaPlayer_64\Media.h(1,1): warning C4828: 文件包含在偏移 0xd7e 处开始的字符，该字符在当前源字符集中无效(代码页 65001)。
  (编译源文件“Media.cpp”)
  
D:\c++_learning\ffplayer\src\FFMediaPlayer_64\Media.h(1,1): warning C4828: 文件包含在偏移 0xd7f 处开始的字符，该字符在当前源字符集中无效(代码页 65001)。
  (编译源文件“Media.cpp”)
  
D:\c++_learning\ffplayer\src\FFMediaPlayer_64\Media.h(1,1): warning C4828: 文件包含在偏移 0xd80 处开始的字符，该字符在当前源字符集中无效(代码页 65001)。
  (编译源文件“Media.cpp”)
  
D:\c++_learning\ffplayer\src\FFMediaPlayer_64\Media.h(1,1): warning C4828: 文件包含在偏移 0xd82 处开始的字符，该字符在当前源字符集中无效(代码页 65001)。
  (编译源文件“Media.cpp”)
  
D:\c++_learning\ffplayer\src\FFMediaPlayer_64\Media.h(1,1): warning C4828: 文件包含在偏移 0xd83 处开始的字符，该字符在当前源字符集中无效(代码页 65001)。
  (编译源文件“Media.cpp”)
  
D:\c++_learning\ffplayer\src\FFMediaPlayer_64\Media.h(1,1): warning C4828: 文件包含在偏移 0xd84 处开始的字符，该字符在当前源字符集中无效(代码页 65001)。
  (编译源文件“Media.cpp”)
  
D:\c++_learning\ffplayer\src\FFMediaPlayer_64\Media.h(1,1): warning C4828: 文件包含在偏移 0xe30 处开始的字符，该字符在当前源字符集中无效(代码页 65001)。
  (编译源文件“Media.cpp”)
  
D:\c++_learning\ffplayer\src\FFMediaPlayer_64\Media.h(1,1): warning C4828: 文件包含在偏移 0xe33 处开始的字符，该字符在当前源字符集中无效(代码页 65001)。
  (编译源文件“Media.cpp”)
  
D:\c++_learning\ffplayer\src\FFMediaPlayer_64\Media.h(1,1): warning C4828: 文件包含在偏移 0xe36 处开始的字符，该字符在当前源字符集中无效(代码页 65001)。
  (编译源文件“Media.cpp”)
  
D:\c++_learning\ffplayer\src\FFMediaPlayer_64\Media.h(1,1): warning C4828: 文件包含在偏移 0xe37 处开始的字符，该字符在当前源字符集中无效(代码页 65001)。
  (编译源文件“Media.cpp”)
  
D:\c++_learning\ffplayer\src\FFMediaPlayer_64\Media.h(1,1): warning C4828: 文件包含在偏移 0xe39 处开始的字符，该字符在当前源字符集中无效(代码页 65001)。
  (编译源文件“Media.cpp”)
  
D:\c++_learning\ffplayer\src\FFMediaPlayer_64\Media.h(1,1): warning C4828: 文件包含在偏移 0xe3a 处开始的字符，该字符在当前源字符集中无效(代码页 65001)。
  (编译源文件“Media.cpp”)
  
D:\c++_learning\ffplayer\src\FFMediaPlayer_64\Media.h(1,1): warning C4828: 文件包含在偏移 0xe70 处开始的字符，该字符在当前源字符集中无效(代码页 65001)。
  (编译源文件“Media.cpp”)
  
D:\c++_learning\ffplayer\src\FFMediaPlayer_64\Media.h(1,1): warning C4828: 文件包含在偏移 0xe73 处开始的字符，该字符在当前源字符集中无效(代码页 65001)。
  (编译源文件“Media.cpp”)
  
D:\c++_learning\ffplayer\src\FFMediaPlayer_64\Media.h(1,1): warning C4828: 文件包含在偏移 0xe76 处开始的字符，该字符在当前源字符集中无效(代码页 65001)。
  (编译源文件“Media.cpp”)
  
D:\c++_learning\ffplayer\src\FFMediaPlayer_64\Media.h(1,1): warning C4828: 文件包含在偏移 0xe77 处开始的字符，该字符在当前源字符集中无效(代码页 65001)。
  (编译源文件“Media.cpp”)
  
D:\c++_learning\ffplayer\src\FFMediaPlayer_64\Media.h(1,1): warning C4828: 文件包含在偏移 0xe79 处开始的字符，该字符在当前源字符集中无效(代码页 65001)。
  (编译源文件“Media.cpp”)
  
D:\c++_learning\ffplayer\src\FFMediaPlayer_64\Media.h(1,1): warning C4828: 文件包含在偏移 0xe7a 处开始的字符，该字符在当前源字符集中无效(代码页 65001)。
  (编译源文件“Media.cpp”)
  
D:\c++_learning\ffplayer\src\FFMediaPlayer_64\Media.h(1,1): warning C4828: 文件包含在偏移 0xfb6 处开始的字符，该字符在当前源字符集中无效(代码页 65001)。
  (编译源文件“Media.cpp”)
  
D:\c++_learning\ffplayer\src\FFMediaPlayer_64\Media.h(1,1): warning C4828: 文件包含在偏移 0xfb7 处开始的字符，该字符在当前源字符集中无效(代码页 65001)。
  (编译源文件“Media.cpp”)
  
D:\c++_learning\ffplayer\src\FFMediaPlayer_64\Media.h(1,1): warning C4828: 文件包含在偏移 0xfba 处开始的字符，该字符在当前源字符集中无效(代码页 65001)。
  (编译源文件“Media.cpp”)
  
D:\c++_learning\ffplayer\src\FFMediaPlayer_64\Media.h(1,1): warning C4828: 文件包含在偏移 0xfbb 处开始的字符，该字符在当前源字符集中无效(代码页 65001)。
  (编译源文件“Media.cpp”)
  
D:\c++_learning\ffplayer\src\FFMediaPlayer_64\Media.h(1,1): warning C4828: 文件包含在偏移 0xfbd 处开始的字符，该字符在当前源字符集中无效(代码页 65001)。
  (编译源文件“Media.cpp”)
  
D:\c++_learning\ffplayer\src\FFMediaPlayer_64\Media.h(1,1): warning C4828: 文件包含在偏移 0xfbe 处开始的字符，该字符在当前源字符集中无效(代码页 65001)。
  (编译源文件“Media.cpp”)
  
D:\c++_learning\ffplayer\src\FFMediaPlayer_64\Media.h(1,1): warning C4828: 文件包含在偏移 0xfe9 处开始的字符，该字符在当前源字符集中无效(代码页 65001)。
  (编译源文件“Media.cpp”)
  
D:\c++_learning\ffplayer\src\FFMediaPlayer_64\Media.h(1,1): warning C4828: 文件包含在偏移 0xfea 处开始的字符，该字符在当前源字符集中无效(代码页 65001)。
  (编译源文件“Media.cpp”)
  
D:\c++_learning\ffplayer\src\FFMediaPlayer_64\Media.h(1,1): warning C4828: 文件包含在偏移 0xfeb 处开始的字符，该字符在当前源字符集中无效(代码页 65001)。
  (编译源文件“Media.cpp”)
  
D:\c++_learning\ffplayer\src\FFMediaPlayer_64\Media.h(1,1): warning C4828: 文件包含在偏移 0xfec 处开始的字符，该字符在当前源字符集中无效(代码页 65001)。
  (编译源文件“Media.cpp”)
  
D:\c++_learning\ffplayer\src\FFMediaPlayer_64\Media.h(1,1): warning C4828: 文件包含在偏移 0xfef 处开始的字符，该字符在当前源字符集中无效(代码页 65001)。
  (编译源文件“Media.cpp”)
  
D:\c++_learning\ffplayer\src\FFMediaPlayer_64\Media.h(1,1): warning C4828: 文件包含在偏移 0xff3 处开始的字符，该字符在当前源字符集中无效(代码页 65001)。
  (编译源文件“Media.cpp”)
  
D:\c++_learning\ffplayer\src\FFMediaPlayer_64\Media.cpp(587,12): warning C4477: “printf”: 格式字符串“%d”需要类型“int”的参数，但可变参数 1 拥有了类型“int64_t”
      D:\c++_learning\ffplayer\src\FFMediaPlayer_64\Media.cpp(587,12):
      请考虑在格式字符串中使用“%lld”
      D:\c++_learning\ffplayer\src\FFMediaPlayer_64\Media.cpp(587,12):
      请考虑在格式字符串中使用“%Id”
      D:\c++_learning\ffplayer\src\FFMediaPlayer_64\Media.cpp(587,12):
      请考虑在格式字符串中使用“%I64d”
  
D:\c++_learning\ffplayer\src\FFMediaPlayer_64\Media.cpp(587,12): warning C4477: “printf”: 格式字符串“%d”需要类型“int”的参数，但可变参数 2 拥有了类型“int64_t”
      D:\c++_learning\ffplayer\src\FFMediaPlayer_64\Media.cpp(587,12):
      请考虑在格式字符串中使用“%lld”
      D:\c++_learning\ffplayer\src\FFMediaPlayer_64\Media.cpp(587,12):
      请考虑在格式字符串中使用“%Id”
      D:\c++_learning\ffplayer\src\FFMediaPlayer_64\Media.cpp(587,12):
      请考虑在格式字符串中使用“%I64d”
  
  FFMediaPlayer_64.vcxproj -> D:\c++_learning\ffplayer\bin\win64\FFMediaPlayer_64.exe
